<?xml version="1.0" encoding="UTF-8"?>
<robot generator="Robot 7.1.1 (Python 3.13.1 on win32)" generated="2025-01-27T23:10:44.934009" rpa="false" schemaversion="5">
<suite id="s1" name="Users" source="c:\appium-expandtesting_UI\tests\users.robot">
<test id="s1-t1" name="Log in as an existing user" line="151">
<kw name="Credit Card Number" owner="FakerLibrary">
<msg time="2025-01-27T23:10:46.643387" level="INFO">${randomNumber} = 374851149958914</msg>
<var>${randomNumber}</var>
<doc>Generate a valid credit card number.</doc>
<status status="PASS" start="2025-01-27T23:10:46.642915" elapsed="0.003901"/>
</kw>
<kw name="createUser(${randomNumber})" owner="test" source_name="createUser(${randomNumber})">
<kw name="Random Lowercase Letter" owner="FakerLibrary">
<msg time="2025-01-27T23:10:46.648904" level="INFO">${random_letter} = r</msg>
<var>${random_letter}</var>
<doc>Generate a random lowercase ASCII letter (a-z).</doc>
<status status="PASS" start="2025-01-27T23:10:46.648644" elapsed="0.000941"/>
</kw>
<kw name="Email" owner="FakerLibrary">
<msg time="2025-01-27T23:10:46.650441" level="INFO">${random_email} = sara63@example.com</msg>
<var>${random_email}</var>
<status status="PASS" start="2025-01-27T23:10:46.649830" elapsed="0.001010"/>
</kw>
<kw name="Catenate" owner="BuiltIn">
<msg time="2025-01-27T23:10:46.653478" level="INFO">${user_email} = rsara63@example.com</msg>
<var>${user_email}</var>
<arg>SEPARATOR=</arg>
<arg>${random_letter}</arg>
<arg>${random_email}</arg>
<doc>Catenates the given items together and returns the resulted string.</doc>
<status status="PASS" start="2025-01-27T23:10:46.652699" elapsed="0.001037"/>
</kw>
<kw name="Name" owner="FakerLibrary">
<msg time="2025-01-27T23:10:46.655003" level="INFO">${user_name} = April Carrillo</msg>
<var>${user_name}</var>
<doc>:example: 'John Doe'</doc>
<status status="PASS" start="2025-01-27T23:10:46.654119" elapsed="0.001101"/>
</kw>
<kw name="Password" owner="FakerLibrary">
<msg time="2025-01-27T23:10:46.656036" level="INFO">${user_password} = _)5CjimY@5</msg>
<var>${user_password}</var>
<doc>Generate a random password of the specified ``length``.</doc>
<status status="PASS" start="2025-01-27T23:10:46.655542" elapsed="0.000697"/>
</kw>
<kw name="Open Application" owner="AppiumLibrary">
<arg>${APPIUM_URL}</arg>
<arg>platformName=${PLATFORM_NAME}</arg>
<arg>platformVersion=${PLATFORM_VERSION}</arg>
<arg>deviceName=${DEVICE_NAME}</arg>
<arg>automationName=${AUTOMATION_NAME}</arg>
<arg>app=${APP_PATH}</arg>
<arg>adbExecTimeout=${ADB_TIMEOUT}</arg>
<arg>autoGrantPermissions=${AUTO_GRANT_PERMISSIONS}</arg>
<arg>appActivity=com.ab.apiclient.ui.Splash</arg>
<arg>appWaitActivity=com.ab.apiclient.ui.Splash,com.ab.apiclient.*,com.ab.apiclient.ui.MainActivity</arg>
<arg>appWaitDuration=20000</arg>
<arg>uiautomator2ServerInstallTimeout=60000</arg>
<doc>Opens a new application to given Appium server.
Capabilities of appium server, Android and iOS,
Please check https://appium.io/docs/en/2.1/cli/args/
| *Option*            | *Man.* | *Description*     |
| remote_url          | Yes    | Appium server url |
| alias               | no     | alias             |
| strict_ssl          | No     | allows you to send commands to an invalid certificate host like a self-signed one. |</doc>
<status status="PASS" start="2025-01-27T23:10:46.656605" elapsed="9.253912"/>
</kw>
<kw name="Run Process" owner="Process">
<msg time="2025-01-27T23:10:55.912487" level="INFO">Starting process:
adb shell "svc wifi disable"</msg>
<msg time="2025-01-27T23:10:55.925582" level="INFO">Waiting for process to complete.</msg>
<msg time="2025-01-27T23:10:56.269520" level="INFO">Process completed.</msg>
<arg>adb</arg>
<arg>shell</arg>
<arg>svc wifi disable</arg>
<doc>Runs a process and waits for it to complete.</doc>
<status status="PASS" start="2025-01-27T23:10:55.912009" elapsed="0.357923"/>
</kw>
<kw name="Sleep" owner="BuiltIn">
<msg time="2025-01-27T23:11:01.271718" level="INFO">Slept 5 seconds.</msg>
<arg>5</arg>
<doc>Pauses the test executed for the given time.</doc>
<status status="PASS" start="2025-01-27T23:10:56.270272" elapsed="5.002614"/>
</kw>
<kw name="increasingRequestResponseTimeout()" owner="test">
<kw name="Wait Until Element Is Visible" owner="AppiumLibrary">
<arg>class=android.widget.ImageButton</arg>
<arg>${TIMEOUT}</arg>
<doc>Waits until element specified with `locator` is visible.</doc>
<status status="PASS" start="2025-01-27T23:11:01.274211" elapsed="0.951235"/>
</kw>
<kw name="Click Element" owner="AppiumLibrary">
<msg time="2025-01-27T23:11:02.227639" level="INFO">Clicking element 'class=android.widget.ImageButton'.</msg>
<arg>class=android.widget.ImageButton</arg>
<doc>Click element identified by `locator`.</doc>
<status status="PASS" start="2025-01-27T23:11:02.226131" elapsed="0.299668"/>
</kw>
<kw name="Wait Until Element Is Visible" owner="AppiumLibrary">
<arg>android=new UiSelector().text("Settings")</arg>
<arg>${TIMEOUT}</arg>
<doc>Waits until element specified with `locator` is visible.</doc>
<status status="PASS" start="2025-01-27T23:11:02.527344" elapsed="1.188060"/>
</kw>
<kw name="Click Element" owner="AppiumLibrary">
<msg time="2025-01-27T23:11:03.720752" level="INFO">Clicking element 'android=new UiSelector().text("Settings")'.</msg>
<arg>android=new UiSelector().text("Settings")</arg>
<doc>Click element identified by `locator`.</doc>
<status status="PASS" start="2025-01-27T23:11:03.716759" elapsed="0.183865"/>
</kw>
<kw name="Wait Until Element Is Visible" owner="AppiumLibrary">
<msg time="2025-01-27T23:11:04.910381" level="INFO">criteria is com.ab.apiclient:id/etTimeoutConnection</msg>
<arg>id=com.ab.apiclient:id/etTimeoutConnection</arg>
<arg>${TIMEOUT}</arg>
<doc>Waits until element specified with `locator` is visible.</doc>
<status status="PASS" start="2025-01-27T23:11:03.903964" elapsed="1.007249"/>
</kw>
<kw name="Clear Text" owner="AppiumLibrary">
<msg time="2025-01-27T23:11:04.914304" level="INFO">Clear text field 'id=com.ab.apiclient:id/etTimeoutConnection'</msg>
<msg time="2025-01-27T23:11:04.996847" level="INFO">criteria is com.ab.apiclient:id/etTimeoutConnection</msg>
<arg>id=com.ab.apiclient:id/etTimeoutConnection</arg>
<doc>Clears the text field identified by `locator`.</doc>
<status status="PASS" start="2025-01-27T23:11:04.912075" elapsed="0.085070"/>
</kw>
<kw name="Input Text" owner="AppiumLibrary">
<msg time="2025-01-27T23:11:04.998570" level="INFO">Typing text '120' into text field 'id=com.ab.apiclient:id/etTimeoutConnection'</msg>
<msg time="2025-01-27T23:11:05.549028" level="INFO">criteria is com.ab.apiclient:id/etTimeoutConnection</msg>
<arg>id=com.ab.apiclient:id/etTimeoutConnection</arg>
<arg>120</arg>
<doc>Types the given `text` into text field identified by `locator`.</doc>
<status status="PASS" start="2025-01-27T23:11:04.997392" elapsed="0.551978"/>
</kw>
<kw name="Wait Until Element Is Visible" owner="AppiumLibrary">
<msg time="2025-01-27T23:11:06.123305" level="INFO">criteria is com.ab.apiclient:id/etTimeoutREAD</msg>
<arg>id=com.ab.apiclient:id/etTimeoutREAD</arg>
<arg>${TIMEOUT}</arg>
<doc>Waits until element specified with `locator` is visible.</doc>
<status status="PASS" start="2025-01-27T23:11:05.549661" elapsed="0.573920"/>
</kw>
<kw name="Clear Text" owner="AppiumLibrary">
<msg time="2025-01-27T23:11:06.125190" level="INFO">Clear text field 'id=com.ab.apiclient:id/etTimeoutREAD'</msg>
<msg time="2025-01-27T23:11:06.197188" level="INFO">criteria is com.ab.apiclient:id/etTimeoutREAD</msg>
<arg>id=com.ab.apiclient:id/etTimeoutREAD</arg>
<doc>Clears the text field identified by `locator`.</doc>
<status status="PASS" start="2025-01-27T23:11:06.123844" elapsed="0.073613"/>
</kw>
<kw name="Input Text" owner="AppiumLibrary">
<msg time="2025-01-27T23:11:06.198943" level="INFO">Typing text '120' into text field 'id=com.ab.apiclient:id/etTimeoutREAD'</msg>
<msg time="2025-01-27T23:11:06.763989" level="INFO">criteria is com.ab.apiclient:id/etTimeoutREAD</msg>
<arg>id=com.ab.apiclient:id/etTimeoutREAD</arg>
<arg>120</arg>
<doc>Types the given `text` into text field identified by `locator`.</doc>
<status status="PASS" start="2025-01-27T23:11:06.197728" elapsed="0.567514"/>
</kw>
<kw name="Wait Until Element Is Visible" owner="AppiumLibrary">
<msg time="2025-01-27T23:11:07.291779" level="INFO">criteria is com.ab.apiclient:id/etTimeoutWRITE</msg>
<arg>id=com.ab.apiclient:id/etTimeoutWRITE</arg>
<arg>${TIMEOUT}</arg>
<doc>Waits until element specified with `locator` is visible.</doc>
<status status="PASS" start="2025-01-27T23:11:06.766858" elapsed="0.525180"/>
</kw>
<kw name="Clear Text" owner="AppiumLibrary">
<msg time="2025-01-27T23:11:07.293457" level="INFO">Clear text field 'id=com.ab.apiclient:id/etTimeoutWRITE'</msg>
<msg time="2025-01-27T23:11:07.360320" level="INFO">criteria is com.ab.apiclient:id/etTimeoutWRITE</msg>
<arg>id=com.ab.apiclient:id/etTimeoutWRITE</arg>
<doc>Clears the text field identified by `locator`.</doc>
<status status="PASS" start="2025-01-27T23:11:07.292291" elapsed="0.068465"/>
</kw>
<kw name="Input Text" owner="AppiumLibrary">
<msg time="2025-01-27T23:11:07.363141" level="INFO">Typing text '120' into text field 'id=com.ab.apiclient:id/etTimeoutWRITE'</msg>
<msg time="2025-01-27T23:11:07.913524" level="INFO">criteria is com.ab.apiclient:id/etTimeoutWRITE</msg>
<arg>id=com.ab.apiclient:id/etTimeoutWRITE</arg>
<arg>120</arg>
<doc>Types the given `text` into text field identified by `locator`.</doc>
<status status="PASS" start="2025-01-27T23:11:07.361231" elapsed="0.552606"/>
</kw>
<kw name="Wait Until Element Is Visible" owner="AppiumLibrary">
<arg>class=android.widget.ImageButton</arg>
<arg>${TIMEOUT}</arg>
<doc>Waits until element specified with `locator` is visible.</doc>
<status status="PASS" start="2025-01-27T23:11:07.914060" elapsed="0.544910"/>
</kw>
<kw name="Click Element" owner="AppiumLibrary">
<msg time="2025-01-27T23:11:08.460720" level="INFO">Clicking element 'class=android.widget.ImageButton'.</msg>
<arg>class=android.widget.ImageButton</arg>
<doc>Click element identified by `locator`.</doc>
<status status="PASS" start="2025-01-27T23:11:08.459375" elapsed="0.163394"/>
</kw>
<kw name="Wait Until Element Is Visible" owner="AppiumLibrary">
<arg>android=new UiSelector().text("New Request")</arg>
<doc>Waits until element specified with `locator` is visible.</doc>
<status status="PASS" start="2025-01-27T23:11:08.623311" elapsed="1.176049"/>
</kw>
<kw name="Click Element" owner="AppiumLibrary">
<msg time="2025-01-27T23:11:09.805197" level="INFO">Clicking element 'android=new UiSelector().text("New Request")'.</msg>
<arg>android=new UiSelector().text("New Request")</arg>
<doc>Click element identified by `locator`.</doc>
<status status="PASS" start="2025-01-27T23:11:09.801851" elapsed="0.324251"/>
</kw>
<status status="PASS" start="2025-01-27T23:11:01.273569" elapsed="8.853120"/>
</kw>
<kw name="Wait Until Element Is Visible" owner="AppiumLibrary">
<msg time="2025-01-27T23:11:11.137670" level="INFO">criteria is com.ab.apiclient:id/spHttpMethod</msg>
<arg>id=com.ab.apiclient:id/spHttpMethod</arg>
<arg>${TIMEOUT}</arg>
<doc>Waits until element specified with `locator` is visible.</doc>
<status status="PASS" start="2025-01-27T23:11:10.127022" elapsed="1.011165"/>
</kw>
<kw name="Click Element" owner="AppiumLibrary">
<msg time="2025-01-27T23:11:11.142705" level="INFO">Clicking element 'id=com.ab.apiclient:id/spHttpMethod'.</msg>
<msg time="2025-01-27T23:11:11.463012" level="INFO">criteria is com.ab.apiclient:id/spHttpMethod</msg>
<arg>id=com.ab.apiclient:id/spHttpMethod</arg>
<doc>Click element identified by `locator`.</doc>
<status status="PASS" start="2025-01-27T23:11:11.138974" elapsed="0.324380"/>
</kw>
<kw name="Wait Until Element Is Visible" owner="AppiumLibrary">
<msg time="2025-01-27T23:11:13.910957" level="INFO">xpath criteria: //android.widget.CheckedTextView[@resource-id="android:id/text1" and @text="POST"]</msg>
<arg>xpath=//android.widget.CheckedTextView[@resource-id="android:id/text1" and @text="POST"]</arg>
<arg>${TIMEOUT}</arg>
<doc>Waits until element specified with `locator` is visible.</doc>
<status status="PASS" start="2025-01-27T23:11:11.464120" elapsed="2.448971"/>
</kw>
<kw name="Click Element" owner="AppiumLibrary">
<msg time="2025-01-27T23:11:13.918274" level="INFO">Clicking element 'xpath=//android.widget.CheckedTextView[@resource-id="android:id/text1" and @text="POST"]'.</msg>
<msg time="2025-01-27T23:11:14.833427" level="INFO">xpath criteria: //android.widget.CheckedTextView[@resource-id="android:id/text1" and @text="POST"]</msg>
<arg>xpath=//android.widget.CheckedTextView[@resource-id="android:id/text1" and @text="POST"]</arg>
<doc>Click element identified by `locator`.</doc>
<status status="PASS" start="2025-01-27T23:11:13.914416" elapsed="0.920310"/>
</kw>
<kw name="Wait Until Element Is Visible" owner="AppiumLibrary">
<msg time="2025-01-27T23:11:15.402453" level="INFO">xpath criteria: //android.widget.EditText[@resource-id="com.ab.apiclient:id/etUrl"]</msg>
<arg>xpath=//android.widget.EditText[@resource-id="com.ab.apiclient:id/etUrl"]</arg>
<arg>${TIMEOUT}</arg>
<doc>Waits until element specified with `locator` is visible.</doc>
<status status="PASS" start="2025-01-27T23:11:14.835541" elapsed="0.568703"/>
</kw>
<kw name="Input Text" owner="AppiumLibrary">
<msg time="2025-01-27T23:11:15.407060" level="INFO">Typing text 'https://practice.expandtesting.com/notes/api/users/register' into text field 'xpath=//android.widget.EditText[@resource-id="com.ab.apiclient:id/etUrl"]'</msg>
<msg time="2025-01-27T23:11:16.050797" level="INFO">xpath criteria: //android.widget.EditText[@resource-id="com.ab.apiclient:id/etUrl"]</msg>
<arg>xpath=//android.widget.EditText[@resource-id="com.ab.apiclient:id/etUrl"]</arg>
<arg>https://practice.expandtesting.com/notes/api/users/register</arg>
<doc>Types the given `text` into text field identified by `locator`.</doc>
<status status="PASS" start="2025-01-27T23:11:15.404696" elapsed="0.646807"/>
</kw>
<kw name="addAcceptHeader()" owner="test">
<kw name="Wait Until Element Is Visible" owner="AppiumLibrary">
<arg>class=android.widget.ImageView</arg>
<arg>${TIMEOUT}</arg>
<doc>Waits until element specified with `locator` is visible.</doc>
<status status="PASS" start="2025-01-27T23:11:16.053189" elapsed="0.601078"/>
</kw>
<kw name="Click Element" owner="AppiumLibrary">
<msg time="2025-01-27T23:11:16.658209" level="INFO">Clicking element 'class=android.widget.ImageView'.</msg>
<arg>class=android.widget.ImageView</arg>
<doc>Click element identified by `locator`.</doc>
<status status="PASS" start="2025-01-27T23:11:16.655791" elapsed="0.178424"/>
</kw>
<kw name="Wait Until Element Is Visible" owner="AppiumLibrary">
<msg time="2025-01-27T23:11:17.499188" level="INFO">criteria is com.ab.apiclient:id/iconDown</msg>
<arg>id=com.ab.apiclient:id/iconDown</arg>
<arg>${TIMEOUT}</arg>
<doc>Waits until element specified with `locator` is visible.</doc>
<status status="PASS" start="2025-01-27T23:11:16.834842" elapsed="0.664788"/>
</kw>
<kw name="Click Element" owner="AppiumLibrary">
<msg time="2025-01-27T23:11:17.502633" level="INFO">Clicking element 'id=com.ab.apiclient:id/iconDown'.</msg>
<msg time="2025-01-27T23:11:18.841749" level="INFO">criteria is com.ab.apiclient:id/iconDown</msg>
<arg>id=com.ab.apiclient:id/iconDown</arg>
<doc>Click element identified by `locator`.</doc>
<status status="PASS" start="2025-01-27T23:11:17.500107" elapsed="1.344060"/>
</kw>
<kw name="Wait Until Element Is Visible" owner="AppiumLibrary">
<arg>android=new UiSelector().text("Accept")</arg>
<arg>${TIMEOUT}</arg>
<doc>Waits until element specified with `locator` is visible.</doc>
<status status="PASS" start="2025-01-27T23:11:18.845841" elapsed="0.093209"/>
</kw>
<kw name="Click Element" owner="AppiumLibrary">
<msg time="2025-01-27T23:11:18.942002" level="INFO">Clicking element 'android=new UiSelector().text("Accept")'.</msg>
<arg>android=new UiSelector().text("Accept")</arg>
<doc>Click element identified by `locator`.</doc>
<status status="PASS" start="2025-01-27T23:11:18.940286" elapsed="0.866221"/>
</kw>
<kw name="Wait Until Element Is Visible" owner="AppiumLibrary">
<msg time="2025-01-27T23:11:19.901033" level="INFO">criteria is com.ab.apiclient:id/iconDownVal</msg>
<arg>id=com.ab.apiclient:id/iconDownVal</arg>
<arg>${TIMEOUT}</arg>
<doc>Waits until element specified with `locator` is visible.</doc>
<status status="PASS" start="2025-01-27T23:11:19.808562" elapsed="0.092752"/>
</kw>
<kw name="Click Element" owner="AppiumLibrary">
<msg time="2025-01-27T23:11:19.902661" level="INFO">Clicking element 'id=com.ab.apiclient:id/iconDownVal'.</msg>
<msg time="2025-01-27T23:11:20.036592" level="INFO">criteria is com.ab.apiclient:id/iconDownVal</msg>
<arg>id=com.ab.apiclient:id/iconDownVal</arg>
<doc>Click element identified by `locator`.</doc>
<status status="PASS" start="2025-01-27T23:11:19.901551" elapsed="0.135709"/>
</kw>
<kw name="Wait Until Element Is Visible" owner="AppiumLibrary">
<arg>android=new UiSelector().text("application/xml")</arg>
<arg>${TIMEOUT}</arg>
<doc>Waits until element specified with `locator` is visible.</doc>
<status status="PASS" start="2025-01-27T23:11:20.037732" elapsed="1.029386"/>
</kw>
<kw name="Click Element" owner="AppiumLibrary">
<msg time="2025-01-27T23:11:21.074153" level="INFO">Clicking element 'android=new UiSelector().text("application/xml")'.</msg>
<arg>android=new UiSelector().text("application/xml")</arg>
<doc>Click element identified by `locator`.</doc>
<status status="PASS" start="2025-01-27T23:11:21.067833" elapsed="0.959773"/>
</kw>
<status status="PASS" start="2025-01-27T23:11:16.052268" elapsed="5.976077"/>
</kw>
<kw name="addContentTypeHeader()" owner="test">
<kw name="Wait Until Element Is Visible" owner="AppiumLibrary">
<arg>android=new UiSelector().className("android.widget.ImageView").instance(0)</arg>
<arg>${TIMEOUT}</arg>
<doc>Waits until element specified with `locator` is visible.</doc>
<status status="PASS" start="2025-01-27T23:11:22.029721" elapsed="0.141512"/>
</kw>
<kw name="Click Element" owner="AppiumLibrary">
<msg time="2025-01-27T23:11:22.173217" level="INFO">Clicking element 'android=new UiSelector().className("android.widget.ImageView").instance(0)'.</msg>
<arg>android=new UiSelector().className("android.widget.ImageView").instance(0)</arg>
<doc>Click element identified by `locator`.</doc>
<status status="PASS" start="2025-01-27T23:11:22.171682" elapsed="0.284217"/>
</kw>
<kw name="Wait Until Element Is Visible" owner="AppiumLibrary">
<arg>android=new UiSelector().resourceId("com.ab.apiclient:id/iconDown").instance(1)</arg>
<arg>${TIMEOUT}</arg>
<doc>Waits until element specified with `locator` is visible.</doc>
<status status="PASS" start="2025-01-27T23:11:22.457634" elapsed="0.716857"/>
</kw>
<kw name="Click Element" owner="AppiumLibrary">
<msg time="2025-01-27T23:11:23.179804" level="INFO">Clicking element 'android=new UiSelector().resourceId("com.ab.apiclient:id/iconDown").instance(1)'.</msg>
<arg>android=new UiSelector().resourceId("com.ab.apiclient:id/iconDown").instance(1)</arg>
<doc>Click element identified by `locator`.</doc>
<status status="PASS" start="2025-01-27T23:11:23.176569" elapsed="0.321485"/>
</kw>
<kw name="Wait Until Element Is Visible" owner="AppiumLibrary">
<arg>android=new UiSelector().text("Content-Type")</arg>
<arg>${TIMEOUT}</arg>
<doc>Waits until element specified with `locator` is visible.</doc>
<status status="PASS" start="2025-01-27T23:11:23.498736" elapsed="1.754816"/>
</kw>
<kw name="Click Element" owner="AppiumLibrary">
<msg time="2025-01-27T23:11:25.261100" level="INFO">Clicking element 'android=new UiSelector().text("Content-Type")'.</msg>
<arg>android=new UiSelector().text("Content-Type")</arg>
<doc>Click element identified by `locator`.</doc>
<status status="PASS" start="2025-01-27T23:11:25.255342" elapsed="0.823331"/>
</kw>
<kw name="Wait Until Element Is Visible" owner="AppiumLibrary">
<arg>android=new UiSelector().resourceId("com.ab.apiclient:id/iconDownVal").instance(1)</arg>
<arg>${TIMEOUT}</arg>
<doc>Waits until element specified with `locator` is visible.</doc>
<status status="PASS" start="2025-01-27T23:11:26.079226" elapsed="0.123071"/>
</kw>
<kw name="Click Element" owner="AppiumLibrary">
<msg time="2025-01-27T23:11:26.207366" level="INFO">Clicking element 'android=new UiSelector().resourceId("com.ab.apiclient:id/iconDownVal").instance(1)'.</msg>
<arg>android=new UiSelector().resourceId("com.ab.apiclient:id/iconDownVal").instance(1)</arg>
<doc>Click element identified by `locator`.</doc>
<status status="PASS" start="2025-01-27T23:11:26.203606" elapsed="1.259468"/>
</kw>
<kw name="Wait Until Element Is Visible" owner="AppiumLibrary">
<arg>android=new UiSelector().text("application/x-www-form-urlencoded")</arg>
<arg>${TIMEOUT}</arg>
<doc>Waits until element specified with `locator` is visible.</doc>
<status status="PASS" start="2025-01-27T23:11:27.463975" elapsed="0.085936"/>
</kw>
<kw name="Click Element" owner="AppiumLibrary">
<msg time="2025-01-27T23:11:27.554197" level="INFO">Clicking element 'android=new UiSelector().text("application/x-www-form-urlencoded")'.</msg>
<arg>android=new UiSelector().text("application/x-www-form-urlencoded")</arg>
<doc>Click element identified by `locator`.</doc>
<status status="PASS" start="2025-01-27T23:11:27.550970" elapsed="0.811876"/>
</kw>
<status status="PASS" start="2025-01-27T23:11:22.028921" elapsed="6.334838"/>
</kw>
<kw name="Wait Until Element Is Visible" owner="AppiumLibrary">
<msg time="2025-01-27T23:11:28.541755" level="INFO">xpath criteria: //android.widget.RadioButton[@resource-id="com.ab.apiclient:id/rbFormUrlEncode"]</msg>
<arg>xpath=//android.widget.RadioButton[@resource-id="com.ab.apiclient:id/rbFormUrlEncode"]</arg>
<arg>${TIMEOUT}</arg>
<doc>Waits until element specified with `locator` is visible.</doc>
<status status="PASS" start="2025-01-27T23:11:28.364509" elapsed="0.178764"/>
</kw>
<kw name="Click Element" owner="AppiumLibrary">
<msg time="2025-01-27T23:11:28.548123" level="INFO">Clicking element 'xpath=//android.widget.RadioButton[@resource-id="com.ab.apiclient:id/rbFormUrlEncode"]'.</msg>
<msg time="2025-01-27T23:11:28.821564" level="INFO">xpath criteria: //android.widget.RadioButton[@resource-id="com.ab.apiclient:id/rbFormUrlEncode"]</msg>
<arg>xpath=//android.widget.RadioButton[@resource-id="com.ab.apiclient:id/rbFormUrlEncode"]</arg>
<doc>Click element identified by `locator`.</doc>
<status status="PASS" start="2025-01-27T23:11:28.543895" elapsed="0.278238"/>
</kw>
<kw name="Wait Until Element Is Visible" owner="AppiumLibrary">
<arg>android=new UiSelector().text("Key")</arg>
<arg>${TIMEOUT}</arg>
<doc>Waits until element specified with `locator` is visible.</doc>
<status status="PASS" start="2025-01-27T23:11:28.824026" elapsed="0.841854"/>
</kw>
<kw name="Input Text" owner="AppiumLibrary">
<msg time="2025-01-27T23:11:29.669674" level="INFO">Typing text 'name' into text field 'android=new UiSelector().text("Key")'</msg>
<arg>android=new UiSelector().text("Key")</arg>
<arg>name</arg>
<doc>Types the given `text` into text field identified by `locator`.</doc>
<status status="PASS" start="2025-01-27T23:11:29.667588" elapsed="0.746011"/>
</kw>
<kw name="Input Text" owner="AppiumLibrary">
<msg time="2025-01-27T23:11:30.417388" level="INFO">Typing text 'April Carrillo' into text field 'android=new UiSelector().text("Value")'</msg>
<arg>android=new UiSelector().text("Value")</arg>
<arg>${user_name}</arg>
<doc>Types the given `text` into text field identified by `locator`.</doc>
<status status="PASS" start="2025-01-27T23:11:30.414673" elapsed="1.174545"/>
</kw>
<kw name="Swipe By Percent" owner="AppiumLibrary">
<arg>50</arg>
<arg>80</arg>
<arg>50</arg>
<arg>20</arg>
<arg>1000</arg>
<doc>Swipe from one percent of the screen to another percent, for an optional duration.
Normal swipe fails to scale for different screen resolutions, this can be avoided using percent.</doc>
<status status="PASS" start="2025-01-27T23:11:31.590026" elapsed="1.366312"/>
</kw>
<kw name="Click Element" owner="AppiumLibrary">
<msg time="2025-01-27T23:11:32.960075" level="INFO">Clicking element 'id=com.ab.apiclient:id/btnAdd'.</msg>
<msg time="2025-01-27T23:11:33.141137" level="INFO">criteria is com.ab.apiclient:id/btnAdd</msg>
<arg>id=com.ab.apiclient:id/btnAdd</arg>
<doc>Click element identified by `locator`.</doc>
<status status="PASS" start="2025-01-27T23:11:32.957220" elapsed="0.184429"/>
</kw>
<kw name="Wait Until Element Is Visible" owner="AppiumLibrary">
<arg>android=new UiSelector().text("Key")</arg>
<arg>${TIMEOUT}</arg>
<doc>Waits until element specified with `locator` is visible.</doc>
<status status="PASS" start="2025-01-27T23:11:33.142132" elapsed="0.686453"/>
</kw>
<kw name="Input Text" owner="AppiumLibrary">
<msg time="2025-01-27T23:11:33.832338" level="INFO">Typing text 'email' into text field 'android=new UiSelector().text("Key")'</msg>
<arg>android=new UiSelector().text("Key")</arg>
<arg>email</arg>
<doc>Types the given `text` into text field identified by `locator`.</doc>
<status status="PASS" start="2025-01-27T23:11:33.829408" elapsed="0.660201"/>
</kw>
<kw name="Input Text" owner="AppiumLibrary">
<msg time="2025-01-27T23:11:34.494081" level="INFO">Typing text 'rsara63@example.com' into text field 'android=new UiSelector().text("Value")'</msg>
<arg>android=new UiSelector().text("Value")</arg>
<arg>${user_email}</arg>
<doc>Types the given `text` into text field identified by `locator`.</doc>
<status status="PASS" start="2025-01-27T23:11:34.491370" elapsed="1.206065"/>
</kw>
<kw name="Swipe By Percent" owner="AppiumLibrary">
<arg>50</arg>
<arg>80</arg>
<arg>50</arg>
<arg>20</arg>
<arg>1000</arg>
<doc>Swipe from one percent of the screen to another percent, for an optional duration.
Normal swipe fails to scale for different screen resolutions, this can be avoided using percent.</doc>
<status status="PASS" start="2025-01-27T23:11:35.698320" elapsed="1.350370"/>
</kw>
<kw name="Click Element" owner="AppiumLibrary">
<msg time="2025-01-27T23:11:37.054089" level="INFO">Clicking element 'id=com.ab.apiclient:id/btnAdd'.</msg>
<msg time="2025-01-27T23:11:37.190612" level="INFO">criteria is com.ab.apiclient:id/btnAdd</msg>
<arg>id=com.ab.apiclient:id/btnAdd</arg>
<doc>Click element identified by `locator`.</doc>
<status status="PASS" start="2025-01-27T23:11:37.049483" elapsed="0.142171"/>
</kw>
<kw name="Wait Until Element Is Visible" owner="AppiumLibrary">
<arg>android=new UiSelector().text("Key")</arg>
<arg>${TIMEOUT}</arg>
<doc>Waits until element specified with `locator` is visible.</doc>
<status status="PASS" start="2025-01-27T23:11:37.192777" elapsed="0.746806"/>
</kw>
<kw name="Input Text" owner="AppiumLibrary">
<msg time="2025-01-27T23:11:37.943039" level="INFO">Typing text 'password' into text field 'android=new UiSelector().text("Key")'</msg>
<arg>android=new UiSelector().text("Key")</arg>
<arg>password</arg>
<doc>Types the given `text` into text field identified by `locator`.</doc>
<status status="PASS" start="2025-01-27T23:11:37.940325" elapsed="0.628517"/>
</kw>
<kw name="Input Text" owner="AppiumLibrary">
<msg time="2025-01-27T23:11:38.572201" level="INFO">Typing text '_)5CjimY@5' into text field 'android=new UiSelector().text("Value")'</msg>
<arg>android=new UiSelector().text("Value")</arg>
<arg>${user_password}</arg>
<doc>Types the given `text` into text field identified by `locator`.</doc>
<status status="PASS" start="2025-01-27T23:11:38.569334" elapsed="1.122598"/>
</kw>
<kw name="Swipe By Percent" owner="AppiumLibrary">
<arg>50</arg>
<arg>80</arg>
<arg>50</arg>
<arg>20</arg>
<arg>1000</arg>
<doc>Swipe from one percent of the screen to another percent, for an optional duration.
Normal swipe fails to scale for different screen resolutions, this can be avoided using percent.</doc>
<status status="PASS" start="2025-01-27T23:11:39.692443" elapsed="2.930313"/>
</kw>
<kw name="Click Element" owner="AppiumLibrary">
<msg time="2025-01-27T23:11:42.626124" level="INFO">Clicking element 'id=com.ab.apiclient:id/btnAdd'.</msg>
<msg time="2025-01-27T23:11:43.403823" level="INFO">criteria is com.ab.apiclient:id/btnAdd</msg>
<arg>id=com.ab.apiclient:id/btnAdd</arg>
<doc>Click element identified by `locator`.</doc>
<status status="PASS" start="2025-01-27T23:11:42.624256" elapsed="0.781224"/>
</kw>
<kw name="Swipe By Percent" owner="AppiumLibrary">
<arg>50</arg>
<arg>80</arg>
<arg>50</arg>
<arg>20</arg>
<arg>1000</arg>
<doc>Swipe from one percent of the screen to another percent, for an optional duration.
Normal swipe fails to scale for different screen resolutions, this can be avoided using percent.</doc>
<status status="PASS" start="2025-01-27T23:11:43.406241" elapsed="2.930912"/>
</kw>
<kw name="Click Element" owner="AppiumLibrary">
<msg time="2025-01-27T23:11:46.342346" level="INFO">Clicking element 'id=com.ab.apiclient:id/btnSend'.</msg>
<msg time="2025-01-27T23:11:47.183695" level="INFO">criteria is com.ab.apiclient:id/btnSend</msg>
<arg>id=com.ab.apiclient:id/btnSend</arg>
<doc>Click element identified by `locator`.</doc>
<status status="PASS" start="2025-01-27T23:11:46.338434" elapsed="0.846907"/>
</kw>
<kw name="Wait Until Element Is Visible" owner="AppiumLibrary">
<arg>android=new UiSelector().text("Raw")</arg>
<arg>${TIMEOUT}</arg>
<doc>Waits until element specified with `locator` is visible.</doc>
<status status="PASS" start="2025-01-27T23:11:47.185924" elapsed="2.534324"/>
</kw>
<kw name="Click Element" owner="AppiumLibrary">
<msg time="2025-01-27T23:11:49.724872" level="INFO">Clicking element 'android=new UiSelector().text("Raw")'.</msg>
<arg>android=new UiSelector().text("Raw")</arg>
<doc>Click element identified by `locator`.</doc>
<status status="PASS" start="2025-01-27T23:11:49.721355" elapsed="0.238436"/>
</kw>
<kw name="Wait Until Element Is Visible" owner="AppiumLibrary">
<msg time="2025-01-27T23:11:50.773028" level="INFO">criteria is com.ab.apiclient:id/tvResult</msg>
<arg>id=com.ab.apiclient:id/tvResult</arg>
<arg>${TIMEOUT}</arg>
<doc>Waits until element specified with `locator` is visible.</doc>
<status status="PASS" start="2025-01-27T23:11:49.961769" elapsed="0.812098"/>
</kw>
<kw name="Get Text" owner="AppiumLibrary">
<msg time="2025-01-27T23:11:50.851328" level="INFO">Element 'id=com.ab.apiclient:id/tvResult' text is '{
    "success": true,
    "status": 201,
    "message": "User account created successfully",
    "data": {
        "id": "679804a41d7ae6028417697f",
        "name": "April Carrillo",
        "email": "rsara63@example.com"
    }
}' </msg>
<msg time="2025-01-27T23:11:50.851715" level="INFO">criteria is com.ab.apiclient:id/tvResult</msg>
<msg time="2025-01-27T23:11:50.852019" level="INFO">${response_cu_string} = {
    "success": true,
    "status": 201,
    "message": "User account created successfully",
    "data": {
        "id": "679804a41d7ae6028417697f",
        "name": "April Carrillo",
        "email":...</msg>
<var>${response_cu_string}</var>
<arg>id=com.ab.apiclient:id/tvResult</arg>
<doc>Get element text (for hybrid and mobile browser use `xpath` locator, others might cause problem)</doc>
<status status="PASS" start="2025-01-27T23:11:50.774706" elapsed="0.077450"/>
</kw>
<kw name="Log" owner="BuiltIn">
<msg time="2025-01-27T23:11:50.852699" level="INFO">string response is: {
    "success": true,
    "status": 201,
    "message": "User account created successfully",
    "data": {
        "id": "679804a41d7ae6028417697f",
        "name": "April Carrillo",
        "email": "rsara63@example.com"
    }
}</msg>
<arg>string response is: ${response_cu_string}</arg>
<doc>Logs the given message with the given level.</doc>
<status status="PASS" start="2025-01-27T23:11:50.852429" elapsed="0.000443"/>
</kw>
<kw name="Convert String To Json" owner="JSONLibrary">
<msg time="2025-01-27T23:11:50.853378" level="INFO">${response_cu_json} = {'success': True, 'status': 201, 'message': 'User account created successfully', 'data': {'id': '679804a41d7ae6028417697f', 'name': 'April Carrillo', 'email': 'rsara63@example.com'}}</msg>
<var>${response_cu_json}</var>
<arg>${response_cu_string}</arg>
<doc>Convert String to JSON object</doc>
<status status="PASS" start="2025-01-27T23:11:50.853088" elapsed="0.000422"/>
</kw>
<kw name="Get Value From Json" owner="JSONLibrary">
<msg time="2025-01-27T23:11:50.916299" level="INFO">${success} = [True]</msg>
<var>${success}</var>
<arg>${response_cu_json}</arg>
<arg>$.success</arg>
<doc>Get Value From JSON using JSONPath</doc>
<status status="PASS" start="2025-01-27T23:11:50.853831" elapsed="0.062662"/>
</kw>
<kw name="Get Value From Json" owner="JSONLibrary">
<msg time="2025-01-27T23:11:50.934702" level="INFO">${status} = [201]</msg>
<var>${status}</var>
<arg>${response_cu_json}</arg>
<arg>$.status</arg>
<doc>Get Value From JSON using JSONPath</doc>
<status status="PASS" start="2025-01-27T23:11:50.916739" elapsed="0.018130"/>
</kw>
<kw name="Get From List" owner="Collections">
<msg time="2025-01-27T23:11:50.935389" level="INFO">${status_value} = 201</msg>
<var>${status_value}</var>
<arg>${status}</arg>
<arg>0</arg>
<doc>Returns the value specified with an ``index`` from ``list``.</doc>
<status status="PASS" start="2025-01-27T23:11:50.935101" elapsed="0.000399"/>
</kw>
<kw name="Convert To String" owner="BuiltIn">
<msg time="2025-01-27T23:11:50.935963" level="INFO">${status_str} = 201</msg>
<var>${status_str}</var>
<arg>${status_value}</arg>
<doc>Converts the given item to a Unicode string.</doc>
<status status="PASS" start="2025-01-27T23:11:50.935679" elapsed="0.000387"/>
</kw>
<kw name="Get Value From Json" owner="JSONLibrary">
<msg time="2025-01-27T23:11:50.956443" level="INFO">${message} = ['User account created successfully']</msg>
<var>${message}</var>
<arg>${response_cu_json}</arg>
<arg>$.message</arg>
<doc>Get Value From JSON using JSONPath</doc>
<status status="PASS" start="2025-01-27T23:11:50.936231" elapsed="0.020447"/>
</kw>
<kw name="Get From List" owner="Collections">
<msg time="2025-01-27T23:11:50.957265" level="INFO">${message_value} = User account created successfully</msg>
<var>${message_value}</var>
<arg>${message}</arg>
<arg>0</arg>
<doc>Returns the value specified with an ``index`` from ``list``.</doc>
<status status="PASS" start="2025-01-27T23:11:50.956934" elapsed="0.000470"/>
</kw>
<kw name="Convert To String" owner="BuiltIn">
<msg time="2025-01-27T23:11:50.957993" level="INFO">${message_str} = User account created successfully</msg>
<var>${message_str}</var>
<arg>${message_value}</arg>
<doc>Converts the given item to a Unicode string.</doc>
<status status="PASS" start="2025-01-27T23:11:50.957710" elapsed="0.000390"/>
</kw>
<kw name="Get Value From Json" owner="JSONLibrary">
<msg time="2025-01-27T23:11:50.984916" level="INFO">${user_name_resp} = ['April Carrillo']</msg>
<var>${user_name_resp}</var>
<arg>${response_cu_json}</arg>
<arg>$.data.name</arg>
<doc>Get Value From JSON using JSONPath</doc>
<status status="PASS" start="2025-01-27T23:11:50.958293" elapsed="0.026846"/>
</kw>
<kw name="Get From List" owner="Collections">
<msg time="2025-01-27T23:11:50.985809" level="INFO">${user_name_value} = April Carrillo</msg>
<var>${user_name_value}</var>
<arg>${user_name_resp}</arg>
<arg>0</arg>
<doc>Returns the value specified with an ``index`` from ``list``.</doc>
<status status="PASS" start="2025-01-27T23:11:50.985440" elapsed="0.000509"/>
</kw>
<kw name="Convert To String" owner="BuiltIn">
<msg time="2025-01-27T23:11:50.986482" level="INFO">${user_name_str} = April Carrillo</msg>
<var>${user_name_str}</var>
<arg>${user_name_value}</arg>
<doc>Converts the given item to a Unicode string.</doc>
<status status="PASS" start="2025-01-27T23:11:50.986175" elapsed="0.000420"/>
</kw>
<kw name="Get Value From Json" owner="JSONLibrary">
<msg time="2025-01-27T23:11:51.007000" level="INFO">${user_email_resp} = ['rsara63@example.com']</msg>
<var>${user_email_resp}</var>
<arg>${response_cu_json}</arg>
<arg>$.data.email</arg>
<doc>Get Value From JSON using JSONPath</doc>
<status status="PASS" start="2025-01-27T23:11:50.986804" elapsed="0.020394"/>
</kw>
<kw name="Get From List" owner="Collections">
<msg time="2025-01-27T23:11:51.007724" level="INFO">${user_email_value} = rsara63@example.com</msg>
<var>${user_email_value}</var>
<arg>${user_email_resp}</arg>
<arg>0</arg>
<doc>Returns the value specified with an ``index`` from ``list``.</doc>
<status status="PASS" start="2025-01-27T23:11:51.007424" elapsed="0.000418"/>
</kw>
<kw name="Convert To String" owner="BuiltIn">
<msg time="2025-01-27T23:11:51.008296" level="INFO">${user_email_str} = rsara63@example.com</msg>
<var>${user_email_str}</var>
<arg>${user_email_value}</arg>
<doc>Converts the given item to a Unicode string.</doc>
<status status="PASS" start="2025-01-27T23:11:51.008017" elapsed="0.000416"/>
</kw>
<kw name="Get Value From Json" owner="JSONLibrary">
<msg time="2025-01-27T23:11:51.030197" level="INFO">${user_id_resp} = ['679804a41d7ae6028417697f']</msg>
<var>${user_id_resp}</var>
<arg>${response_cu_json}</arg>
<arg>$.data.id</arg>
<doc>Get Value From JSON using JSONPath</doc>
<status status="PASS" start="2025-01-27T23:11:51.008657" elapsed="0.021733"/>
</kw>
<kw name="Get From List" owner="Collections">
<msg time="2025-01-27T23:11:51.030960" level="INFO">${user_id_value} = 679804a41d7ae6028417697f</msg>
<var>${user_id_value}</var>
<arg>${user_id_resp}</arg>
<arg>0</arg>
<doc>Returns the value specified with an ``index`` from ``list``.</doc>
<status status="PASS" start="2025-01-27T23:11:51.030648" elapsed="0.000438"/>
</kw>
<kw name="Convert To String" owner="BuiltIn">
<msg time="2025-01-27T23:11:51.031579" level="INFO">${user_id} = 679804a41d7ae6028417697f</msg>
<var>${user_id}</var>
<arg>${user_id_value}</arg>
<doc>Converts the given item to a Unicode string.</doc>
<status status="PASS" start="2025-01-27T23:11:51.031270" elapsed="0.000421"/>
</kw>
<kw name="Should Be True" owner="BuiltIn">
<arg>${success}</arg>
<arg>True</arg>
<doc>Fails if the given condition is not true.</doc>
<status status="PASS" start="2025-01-27T23:11:51.031880" elapsed="0.000257"/>
</kw>
<kw name="Should Be Equal" owner="BuiltIn">
<arg>${status_str}</arg>
<arg>201</arg>
<doc>Fails if the given objects are unequal.</doc>
<status status="PASS" start="2025-01-27T23:11:51.032344" elapsed="0.000280"/>
</kw>
<kw name="Should Be Equal" owner="BuiltIn">
<arg>${message_str}</arg>
<arg>User account created successfully</arg>
<doc>Fails if the given objects are unequal.</doc>
<status status="PASS" start="2025-01-27T23:11:51.032815" elapsed="0.000261"/>
</kw>
<kw name="Should Be Equal" owner="BuiltIn">
<arg>${user_name_str}</arg>
<arg>${user_name}</arg>
<doc>Fails if the given objects are unequal.</doc>
<status status="PASS" start="2025-01-27T23:11:51.033251" elapsed="0.000268"/>
</kw>
<kw name="Should Be Equal" owner="BuiltIn">
<arg>${user_email_str}</arg>
<arg>${user_email}</arg>
<doc>Fails if the given objects are unequal.</doc>
<status status="PASS" start="2025-01-27T23:11:51.033703" elapsed="0.000291"/>
</kw>
<kw name="Create File" owner="OperatingSystem">
<msg time="2025-01-27T23:11:51.035596" level="INFO" html="true">Created file '&lt;a href="file://C:\appium-expandtesting_UI\tests\fixtures\testdata-374851149958914.json"&gt;C:\appium-expandtesting_UI\tests\fixtures\testdata-374851149958914.json&lt;/a&gt;'.</msg>
<arg>tests/fixtures/testdata-${randomNumber}.json</arg>
<arg>{"user_email":"${user_email}","user_id":"${user_id}","user_name":"${user_name}","user_password":"${user_password}"}</arg>
<doc>Creates a file with the given content and encoding.</doc>
<status status="PASS" start="2025-01-27T23:11:51.034290" elapsed="0.001732"/>
</kw>
<kw name="Press Keycode" owner="AppiumLibrary">
<arg>4</arg>
<doc>Sends a press of keycode to the device.</doc>
<status status="PASS" start="2025-01-27T23:11:51.036445" elapsed="0.123688"/>
</kw>
<kw name="Wait Until Element Is Visible" owner="AppiumLibrary">
<msg time="2025-01-27T23:11:51.838505" level="INFO">xpath criteria: //android.widget.ImageButton</msg>
<arg>xpath=//android.widget.ImageButton</arg>
<arg>${TIMEOUT}</arg>
<doc>Waits until element specified with `locator` is visible.</doc>
<status status="PASS" start="2025-01-27T23:11:51.161174" elapsed="0.677615"/>
</kw>
<kw name="Click Element" owner="AppiumLibrary">
<msg time="2025-01-27T23:11:51.841129" level="INFO">Clicking element 'xpath=//android.widget.ImageButton'.</msg>
<msg time="2025-01-27T23:11:53.106425" level="INFO">xpath criteria: //android.widget.ImageButton</msg>
<arg>xpath=//android.widget.ImageButton</arg>
<doc>Click element identified by `locator`.</doc>
<status status="PASS" start="2025-01-27T23:11:51.839136" elapsed="1.268790"/>
</kw>
<kw name="Wait Until Element Is Visible" owner="AppiumLibrary">
<msg time="2025-01-27T23:11:53.244680" level="INFO">xpath criteria: //android.widget.CheckedTextView[@resource-id="com.ab.apiclient:id/design_menu_item_text" and @text="New Request"]</msg>
<arg>xpath=//android.widget.CheckedTextView[@resource-id="com.ab.apiclient:id/design_menu_item_text" and @text="New Request"]</arg>
<arg>${TIMEOUT}</arg>
<doc>Waits until element specified with `locator` is visible.</doc>
<status status="PASS" start="2025-01-27T23:11:53.108897" elapsed="0.136092"/>
</kw>
<kw name="Click Element" owner="AppiumLibrary">
<msg time="2025-01-27T23:11:53.247087" level="INFO">Clicking element 'xpath=//android.widget.CheckedTextView[@resource-id="com.ab.apiclient:id/design_menu_item_text" and @text="New Request"]'.</msg>
<msg time="2025-01-27T23:11:53.430337" level="INFO">xpath criteria: //android.widget.CheckedTextView[@resource-id="com.ab.apiclient:id/design_menu_item_text" and @text="New Request"]</msg>
<arg>xpath=//android.widget.CheckedTextView[@resource-id="com.ab.apiclient:id/design_menu_item_text" and @text="New Request"]</arg>
<doc>Click element identified by `locator`.</doc>
<status status="PASS" start="2025-01-27T23:11:53.245243" elapsed="0.185898"/>
</kw>
<status status="PASS" start="2025-01-27T23:10:46.648105" elapsed="66.783775"/>
</kw>
<kw name="Load Json From File" owner="JSONLibrary">
<msg time="2025-01-27T23:11:53.448913" level="INFO">${data} = {'user_email': 'rsara63@example.com', 'user_id': '679804a41d7ae6028417697f', 'user_name': 'April Carrillo', 'user_password': '_)5CjimY@5'}</msg>
<var>${data}</var>
<arg>tests/fixtures/testdata-${randomNumber}.json</arg>
<doc>Load JSON from file.</doc>
<status status="PASS" start="2025-01-27T23:11:53.433772" elapsed="0.015359"/>
</kw>
<kw name="Get Value From Json" owner="JSONLibrary">
<msg time="2025-01-27T23:11:53.481318" level="INFO">${user_email_data} = ['rsara63@example.com']</msg>
<var>${user_email_data}</var>
<arg>${data}</arg>
<arg>$.user_email</arg>
<doc>Get Value From JSON using JSONPath</doc>
<status status="PASS" start="2025-01-27T23:11:53.449929" elapsed="0.031695"/>
</kw>
<kw name="Convert Json To String" owner="JSONLibrary">
<msg time="2025-01-27T23:11:53.483244" level="INFO">${user_email_str} = ["rsara63@example.com"]</msg>
<var>${user_email_str}</var>
<arg>${user_email_data}</arg>
<doc>Convert JSON object to string</doc>
<status status="PASS" start="2025-01-27T23:11:53.482620" elapsed="0.000851"/>
</kw>
<kw name="Remove String" owner="String">
<msg time="2025-01-27T23:11:53.485234" level="INFO">${user_email} = rsara63@example.com</msg>
<var>${user_email}</var>
<arg>${user_email_str}</arg>
<arg>[</arg>
<arg>]</arg>
<arg>'</arg>
<arg>"</arg>
<doc>Removes all ``removables`` from the given ``string``.</doc>
<status status="PASS" start="2025-01-27T23:11:53.484560" elapsed="0.000904"/>
</kw>
<kw name="Get Value From Json" owner="JSONLibrary">
<msg time="2025-01-27T23:11:53.528777" level="INFO">${user_id_data} = ['679804a41d7ae6028417697f']</msg>
<var>${user_id_data}</var>
<arg>${data}</arg>
<arg>$.user_id</arg>
<doc>Get Value From JSON using JSONPath</doc>
<status status="PASS" start="2025-01-27T23:11:53.486395" elapsed="0.042674"/>
</kw>
<kw name="Convert Json To String" owner="JSONLibrary">
<msg time="2025-01-27T23:11:53.533640" level="INFO">${user_id_str} = ["679804a41d7ae6028417697f"]</msg>
<var>${user_id_str}</var>
<arg>${user_id_data}</arg>
<doc>Convert JSON object to string</doc>
<status status="PASS" start="2025-01-27T23:11:53.532891" elapsed="0.001021"/>
</kw>
<kw name="Remove String" owner="String">
<msg time="2025-01-27T23:11:53.535927" level="INFO">${user_id} = 679804a41d7ae6028417697f</msg>
<var>${user_id}</var>
<arg>${user_id_str}</arg>
<arg>[</arg>
<arg>]</arg>
<arg>'</arg>
<arg>"</arg>
<doc>Removes all ``removables`` from the given ``string``.</doc>
<status status="PASS" start="2025-01-27T23:11:53.535211" elapsed="0.001013"/>
</kw>
<kw name="Get Value From Json" owner="JSONLibrary">
<msg time="2025-01-27T23:11:53.576945" level="INFO">${user_name_data} = ['April Carrillo']</msg>
<var>${user_name_data}</var>
<arg>${data}</arg>
<arg>$.user_name</arg>
<doc>Get Value From JSON using JSONPath</doc>
<status status="PASS" start="2025-01-27T23:11:53.537273" elapsed="0.040036"/>
</kw>
<kw name="Convert Json To String" owner="JSONLibrary">
<msg time="2025-01-27T23:11:53.580245" level="INFO">${user_name_str} = ["April Carrillo"]</msg>
<var>${user_name_str}</var>
<arg>${user_name_data}</arg>
<doc>Convert JSON object to string</doc>
<status status="PASS" start="2025-01-27T23:11:53.579107" elapsed="0.001816"/>
</kw>
<kw name="Remove String" owner="String">
<msg time="2025-01-27T23:11:53.582975" level="INFO">${user_name} = April Carrillo</msg>
<var>${user_name}</var>
<arg>${user_name_str}</arg>
<arg>[</arg>
<arg>]</arg>
<arg>'</arg>
<arg>"</arg>
<doc>Removes all ``removables`` from the given ``string``.</doc>
<status status="PASS" start="2025-01-27T23:11:53.582318" elapsed="0.000933"/>
</kw>
<kw name="Get Value From Json" owner="JSONLibrary">
<msg time="2025-01-27T23:11:53.619857" level="INFO">${user_password_data} = ['_)5CjimY@5']</msg>
<var>${user_password_data}</var>
<arg>${data}</arg>
<arg>$.user_password</arg>
<doc>Get Value From JSON using JSONPath</doc>
<status status="PASS" start="2025-01-27T23:11:53.583904" elapsed="0.036217"/>
</kw>
<kw name="Convert Json To String" owner="JSONLibrary">
<msg time="2025-01-27T23:11:53.622291" level="INFO">${user_password_str} = ["_)5CjimY@5"]</msg>
<var>${user_password_str}</var>
<arg>${user_password_data}</arg>
<doc>Convert JSON object to string</doc>
<status status="PASS" start="2025-01-27T23:11:53.621349" elapsed="0.001139"/>
</kw>
<kw name="Remove String" owner="String">
<msg time="2025-01-27T23:11:53.625981" level="INFO">${user_password} = _)5CjimY@5</msg>
<var>${user_password}</var>
<arg>${user_password_str}</arg>
<arg>[</arg>
<arg>]</arg>
<arg>'</arg>
<arg>"</arg>
<doc>Removes all ``removables`` from the given ``string``.</doc>
<status status="PASS" start="2025-01-27T23:11:53.623163" elapsed="0.003093"/>
</kw>
<kw name="Wait Until Element Is Visible" owner="AppiumLibrary">
<msg time="2025-01-27T23:11:54.496639" level="INFO">criteria is com.ab.apiclient:id/spHttpMethod</msg>
<arg>id=com.ab.apiclient:id/spHttpMethod</arg>
<arg>${TIMEOUT}</arg>
<doc>Waits until element specified with `locator` is visible.</doc>
<status status="PASS" start="2025-01-27T23:11:53.627062" elapsed="0.870613"/>
</kw>
<kw name="Click Element" owner="AppiumLibrary">
<msg time="2025-01-27T23:11:54.504146" level="INFO">Clicking element 'id=com.ab.apiclient:id/spHttpMethod'.</msg>
<msg time="2025-01-27T23:11:55.993327" level="INFO">criteria is com.ab.apiclient:id/spHttpMethod</msg>
<arg>id=com.ab.apiclient:id/spHttpMethod</arg>
<doc>Click element identified by `locator`.</doc>
<status status="PASS" start="2025-01-27T23:11:54.500105" elapsed="1.493911"/>
</kw>
<kw name="Wait Until Element Is Visible" owner="AppiumLibrary">
<msg time="2025-01-27T23:11:56.064858" level="INFO">xpath criteria: //android.widget.CheckedTextView[@resource-id="android:id/text1" and @text="POST"]</msg>
<arg>xpath=//android.widget.CheckedTextView[@resource-id="android:id/text1" and @text="POST"]</arg>
<arg>${TIMEOUT}</arg>
<doc>Waits until element specified with `locator` is visible.</doc>
<status status="PASS" start="2025-01-27T23:11:55.996307" elapsed="0.068795"/>
</kw>
<kw name="Click Element" owner="AppiumLibrary">
<msg time="2025-01-27T23:11:56.068631" level="INFO">Clicking element 'xpath=//android.widget.CheckedTextView[@resource-id="android:id/text1" and @text="POST"]'.</msg>
<msg time="2025-01-27T23:11:56.994199" level="INFO">xpath criteria: //android.widget.CheckedTextView[@resource-id="android:id/text1" and @text="POST"]</msg>
<arg>xpath=//android.widget.CheckedTextView[@resource-id="android:id/text1" and @text="POST"]</arg>
<doc>Click element identified by `locator`.</doc>
<status status="PASS" start="2025-01-27T23:11:56.065950" elapsed="0.928784"/>
</kw>
<kw name="Wait Until Element Is Visible" owner="AppiumLibrary">
<msg time="2025-01-27T23:11:57.582059" level="INFO">xpath criteria: //android.widget.EditText[@resource-id="com.ab.apiclient:id/etUrl"]</msg>
<arg>xpath=//android.widget.EditText[@resource-id="com.ab.apiclient:id/etUrl"]</arg>
<arg>${TIMEOUT}</arg>
<doc>Waits until element specified with `locator` is visible.</doc>
<status status="PASS" start="2025-01-27T23:11:56.998709" elapsed="0.584045"/>
</kw>
<kw name="Input Text" owner="AppiumLibrary">
<msg time="2025-01-27T23:11:57.588448" level="INFO">Typing text 'https://practice.expandtesting.com/notes/api/users/login' into text field 'xpath=//android.widget.EditText[@resource-id="com.ab.apiclient:id/etUrl"]'</msg>
<msg time="2025-01-27T23:11:58.258495" level="INFO">xpath criteria: //android.widget.EditText[@resource-id="com.ab.apiclient:id/etUrl"]</msg>
<arg>xpath=//android.widget.EditText[@resource-id="com.ab.apiclient:id/etUrl"]</arg>
<arg>https://practice.expandtesting.com/notes/api/users/login</arg>
<doc>Types the given `text` into text field identified by `locator`.</doc>
<status status="PASS" start="2025-01-27T23:11:57.585028" elapsed="0.674039"/>
</kw>
<kw name="addAcceptHeader()" owner="test">
<kw name="Wait Until Element Is Visible" owner="AppiumLibrary">
<arg>class=android.widget.ImageView</arg>
<arg>${TIMEOUT}</arg>
<doc>Waits until element specified with `locator` is visible.</doc>
<status status="PASS" start="2025-01-27T23:11:58.260572" elapsed="0.635664"/>
</kw>
<kw name="Click Element" owner="AppiumLibrary">
<msg time="2025-01-27T23:11:58.897623" level="INFO">Clicking element 'class=android.widget.ImageView'.</msg>
<arg>class=android.widget.ImageView</arg>
<doc>Click element identified by `locator`.</doc>
<status status="PASS" start="2025-01-27T23:11:58.896512" elapsed="0.719868"/>
</kw>
<kw name="Wait Until Element Is Visible" owner="AppiumLibrary">
<msg time="2025-01-27T23:11:59.672381" level="INFO">criteria is com.ab.apiclient:id/iconDown</msg>
<arg>id=com.ab.apiclient:id/iconDown</arg>
<arg>${TIMEOUT}</arg>
<doc>Waits until element specified with `locator` is visible.</doc>
<status status="PASS" start="2025-01-27T23:11:59.617328" elapsed="0.055670"/>
</kw>
<kw name="Click Element" owner="AppiumLibrary">
<msg time="2025-01-27T23:11:59.675694" level="INFO">Clicking element 'id=com.ab.apiclient:id/iconDown'.</msg>
<msg time="2025-01-27T23:12:00.763906" level="INFO">criteria is com.ab.apiclient:id/iconDown</msg>
<arg>id=com.ab.apiclient:id/iconDown</arg>
<doc>Click element identified by `locator`.</doc>
<status status="PASS" start="2025-01-27T23:11:59.673625" elapsed="1.091621"/>
</kw>
<kw name="Wait Until Element Is Visible" owner="AppiumLibrary">
<arg>android=new UiSelector().text("Accept")</arg>
<arg>${TIMEOUT}</arg>
<doc>Waits until element specified with `locator` is visible.</doc>
<status status="PASS" start="2025-01-27T23:12:00.766467" elapsed="0.662575"/>
</kw>
<kw name="Click Element" owner="AppiumLibrary">
<msg time="2025-01-27T23:12:01.430822" level="INFO">Clicking element 'android=new UiSelector().text("Accept")'.</msg>
<arg>android=new UiSelector().text("Accept")</arg>
<doc>Click element identified by `locator`.</doc>
<status status="PASS" start="2025-01-27T23:12:01.429569" elapsed="0.764938"/>
</kw>
<kw name="Wait Until Element Is Visible" owner="AppiumLibrary">
<msg time="2025-01-27T23:12:02.277102" level="INFO">criteria is com.ab.apiclient:id/iconDownVal</msg>
<arg>id=com.ab.apiclient:id/iconDownVal</arg>
<arg>${TIMEOUT}</arg>
<doc>Waits until element specified with `locator` is visible.</doc>
<status status="PASS" start="2025-01-27T23:12:02.195007" elapsed="0.082433"/>
</kw>
<kw name="Click Element" owner="AppiumLibrary">
<msg time="2025-01-27T23:12:02.279121" level="INFO">Clicking element 'id=com.ab.apiclient:id/iconDownVal'.</msg>
<msg time="2025-01-27T23:12:03.376680" level="INFO">criteria is com.ab.apiclient:id/iconDownVal</msg>
<arg>id=com.ab.apiclient:id/iconDownVal</arg>
<doc>Click element identified by `locator`.</doc>
<status status="PASS" start="2025-01-27T23:12:02.277723" elapsed="1.099952"/>
</kw>
<kw name="Wait Until Element Is Visible" owner="AppiumLibrary">
<arg>android=new UiSelector().text("application/xml")</arg>
<arg>${TIMEOUT}</arg>
<doc>Waits until element specified with `locator` is visible.</doc>
<status status="PASS" start="2025-01-27T23:12:03.378602" elapsed="0.072231"/>
</kw>
<kw name="Click Element" owner="AppiumLibrary">
<msg time="2025-01-27T23:12:03.453272" level="INFO">Clicking element 'android=new UiSelector().text("application/xml")'.</msg>
<arg>android=new UiSelector().text("application/xml")</arg>
<doc>Click element identified by `locator`.</doc>
<status status="PASS" start="2025-01-27T23:12:03.451307" elapsed="0.739123"/>
</kw>
<status status="PASS" start="2025-01-27T23:11:58.260014" elapsed="5.931515"/>
</kw>
<kw name="addContentTypeHeader()" owner="test">
<kw name="Wait Until Element Is Visible" owner="AppiumLibrary">
<arg>android=new UiSelector().className("android.widget.ImageView").instance(0)</arg>
<arg>${TIMEOUT}</arg>
<doc>Waits until element specified with `locator` is visible.</doc>
<status status="PASS" start="2025-01-27T23:12:04.197058" elapsed="0.103348"/>
</kw>
<kw name="Click Element" owner="AppiumLibrary">
<msg time="2025-01-27T23:12:04.304691" level="INFO">Clicking element 'android=new UiSelector().className("android.widget.ImageView").instance(0)'.</msg>
<arg>android=new UiSelector().className("android.widget.ImageView").instance(0)</arg>
<doc>Click element identified by `locator`.</doc>
<status status="PASS" start="2025-01-27T23:12:04.301571" elapsed="0.168440"/>
</kw>
<kw name="Wait Until Element Is Visible" owner="AppiumLibrary">
<arg>android=new UiSelector().resourceId("com.ab.apiclient:id/iconDown").instance(1)</arg>
<arg>${TIMEOUT}</arg>
<doc>Waits until element specified with `locator` is visible.</doc>
<status status="PASS" start="2025-01-27T23:12:04.470718" elapsed="0.659295"/>
</kw>
<kw name="Click Element" owner="AppiumLibrary">
<msg time="2025-01-27T23:12:05.131385" level="INFO">Clicking element 'android=new UiSelector().resourceId("com.ab.apiclient:id/iconDown").instance(1)'.</msg>
<arg>android=new UiSelector().resourceId("com.ab.apiclient:id/iconDown").instance(1)</arg>
<doc>Click element identified by `locator`.</doc>
<status status="PASS" start="2025-01-27T23:12:05.130276" elapsed="1.195346"/>
</kw>
<kw name="Wait Until Element Is Visible" owner="AppiumLibrary">
<arg>android=new UiSelector().text("Content-Type")</arg>
<arg>${TIMEOUT}</arg>
<doc>Waits until element specified with `locator` is visible.</doc>
<status status="PASS" start="2025-01-27T23:12:06.326221" elapsed="0.063835"/>
</kw>
<kw name="Click Element" owner="AppiumLibrary">
<msg time="2025-01-27T23:12:06.393183" level="INFO">Clicking element 'android=new UiSelector().text("Content-Type")'.</msg>
<arg>android=new UiSelector().text("Content-Type")</arg>
<doc>Click element identified by `locator`.</doc>
<status status="PASS" start="2025-01-27T23:12:06.390540" elapsed="0.753194"/>
</kw>
<kw name="Wait Until Element Is Visible" owner="AppiumLibrary">
<arg>android=new UiSelector().resourceId("com.ab.apiclient:id/iconDownVal").instance(1)</arg>
<arg>${TIMEOUT}</arg>
<doc>Waits until element specified with `locator` is visible.</doc>
<status status="PASS" start="2025-01-27T23:12:07.144589" elapsed="0.081620"/>
</kw>
<kw name="Click Element" owner="AppiumLibrary">
<msg time="2025-01-27T23:12:07.227834" level="INFO">Clicking element 'android=new UiSelector().resourceId("com.ab.apiclient:id/iconDownVal").instance(1)'.</msg>
<arg>android=new UiSelector().resourceId("com.ab.apiclient:id/iconDownVal").instance(1)</arg>
<doc>Click element identified by `locator`.</doc>
<status status="PASS" start="2025-01-27T23:12:07.226588" elapsed="1.096449"/>
</kw>
<kw name="Wait Until Element Is Visible" owner="AppiumLibrary">
<arg>android=new UiSelector().text("application/x-www-form-urlencoded")</arg>
<arg>${TIMEOUT}</arg>
<doc>Waits until element specified with `locator` is visible.</doc>
<status status="PASS" start="2025-01-27T23:12:08.324464" elapsed="0.078629"/>
</kw>
<kw name="Click Element" owner="AppiumLibrary">
<msg time="2025-01-27T23:12:08.405047" level="INFO">Clicking element 'android=new UiSelector().text("application/x-www-form-urlencoded")'.</msg>
<arg>android=new UiSelector().text("application/x-www-form-urlencoded")</arg>
<doc>Click element identified by `locator`.</doc>
<status status="PASS" start="2025-01-27T23:12:08.403849" elapsed="0.879062"/>
</kw>
<status status="PASS" start="2025-01-27T23:12:04.194582" elapsed="5.089131"/>
</kw>
<kw name="Wait Until Element Is Visible" owner="AppiumLibrary">
<msg time="2025-01-27T23:12:09.382237" level="INFO">xpath criteria: //android.widget.RadioButton[@resource-id="com.ab.apiclient:id/rbFormUrlEncode"]</msg>
<arg>xpath=//android.widget.RadioButton[@resource-id="com.ab.apiclient:id/rbFormUrlEncode"]</arg>
<arg>${TIMEOUT}</arg>
<doc>Waits until element specified with `locator` is visible.</doc>
<status status="PASS" start="2025-01-27T23:12:09.285860" elapsed="0.096616"/>
</kw>
<kw name="Click Element" owner="AppiumLibrary">
<msg time="2025-01-27T23:12:09.387685" level="INFO">Clicking element 'xpath=//android.widget.RadioButton[@resource-id="com.ab.apiclient:id/rbFormUrlEncode"]'.</msg>
<msg time="2025-01-27T23:12:09.569677" level="INFO">xpath criteria: //android.widget.RadioButton[@resource-id="com.ab.apiclient:id/rbFormUrlEncode"]</msg>
<arg>xpath=//android.widget.RadioButton[@resource-id="com.ab.apiclient:id/rbFormUrlEncode"]</arg>
<doc>Click element identified by `locator`.</doc>
<status status="PASS" start="2025-01-27T23:12:09.384188" elapsed="0.186551"/>
</kw>
<kw name="Wait Until Element Is Visible" owner="AppiumLibrary">
<arg>android=new UiSelector().text("Key")</arg>
<arg>${TIMEOUT}</arg>
<doc>Waits until element specified with `locator` is visible.</doc>
<status status="PASS" start="2025-01-27T23:12:09.573300" elapsed="0.725162"/>
</kw>
<kw name="Input Text" owner="AppiumLibrary">
<msg time="2025-01-27T23:12:10.304014" level="INFO">Typing text 'email' into text field 'android=new UiSelector().text("Key")'</msg>
<arg>android=new UiSelector().text("Key")</arg>
<arg>email</arg>
<doc>Types the given `text` into text field identified by `locator`.</doc>
<status status="PASS" start="2025-01-27T23:12:10.300593" elapsed="0.698866"/>
</kw>
<kw name="Input Text" owner="AppiumLibrary">
<msg time="2025-01-27T23:12:11.005999" level="INFO">Typing text 'rsara63@example.com' into text field 'android=new UiSelector().text("Value")'</msg>
<arg>android=new UiSelector().text("Value")</arg>
<arg>${user_email}</arg>
<doc>Types the given `text` into text field identified by `locator`.</doc>
<status status="PASS" start="2025-01-27T23:12:11.002922" elapsed="1.079000"/>
</kw>
<kw name="Swipe By Percent" owner="AppiumLibrary">
<arg>50</arg>
<arg>80</arg>
<arg>50</arg>
<arg>20</arg>
<arg>1000</arg>
<doc>Swipe from one percent of the screen to another percent, for an optional duration.
Normal swipe fails to scale for different screen resolutions, this can be avoided using percent.</doc>
<status status="PASS" start="2025-01-27T23:12:12.083680" elapsed="1.361071"/>
</kw>
<kw name="Click Element" owner="AppiumLibrary">
<msg time="2025-01-27T23:12:13.451228" level="INFO">Clicking element 'id=com.ab.apiclient:id/btnAdd'.</msg>
<msg time="2025-01-27T23:12:13.599929" level="INFO">criteria is com.ab.apiclient:id/btnAdd</msg>
<arg>id=com.ab.apiclient:id/btnAdd</arg>
<doc>Click element identified by `locator`.</doc>
<status status="PASS" start="2025-01-27T23:12:13.447124" elapsed="0.154354"/>
</kw>
<kw name="Wait Until Element Is Visible" owner="AppiumLibrary">
<arg>android=new UiSelector().text("Key")</arg>
<arg>${TIMEOUT}</arg>
<doc>Waits until element specified with `locator` is visible.</doc>
<status status="PASS" start="2025-01-27T23:12:13.603033" elapsed="0.700960"/>
</kw>
<kw name="Input Text" owner="AppiumLibrary">
<msg time="2025-01-27T23:12:14.306681" level="INFO">Typing text 'password' into text field 'android=new UiSelector().text("Key")'</msg>
<arg>android=new UiSelector().text("Key")</arg>
<arg>password</arg>
<doc>Types the given `text` into text field identified by `locator`.</doc>
<status status="PASS" start="2025-01-27T23:12:14.304826" elapsed="0.612815"/>
</kw>
<kw name="Input Text" owner="AppiumLibrary">
<msg time="2025-01-27T23:12:14.923130" level="INFO">Typing text '_)5CjimY@5' into text field 'android=new UiSelector().text("Value")'</msg>
<arg>android=new UiSelector().text("Value")</arg>
<arg>${user_password}</arg>
<doc>Types the given `text` into text field identified by `locator`.</doc>
<status status="PASS" start="2025-01-27T23:12:14.919531" elapsed="1.084204"/>
</kw>
<kw name="Swipe By Percent" owner="AppiumLibrary">
<arg>50</arg>
<arg>80</arg>
<arg>50</arg>
<arg>20</arg>
<arg>1000</arg>
<doc>Swipe from one percent of the screen to another percent, for an optional duration.
Normal swipe fails to scale for different screen resolutions, this can be avoided using percent.</doc>
<status status="PASS" start="2025-01-27T23:12:16.006526" elapsed="1.398768"/>
</kw>
<kw name="Click Element" owner="AppiumLibrary">
<msg time="2025-01-27T23:12:17.408719" level="INFO">Clicking element 'id=com.ab.apiclient:id/btnAdd'.</msg>
<msg time="2025-01-27T23:12:17.603373" level="INFO">criteria is com.ab.apiclient:id/btnAdd</msg>
<arg>id=com.ab.apiclient:id/btnAdd</arg>
<doc>Click element identified by `locator`.</doc>
<status status="PASS" start="2025-01-27T23:12:17.406413" elapsed="0.197908"/>
</kw>
<kw name="Swipe By Percent" owner="AppiumLibrary">
<arg>50</arg>
<arg>80</arg>
<arg>50</arg>
<arg>20</arg>
<arg>1000</arg>
<doc>Swipe from one percent of the screen to another percent, for an optional duration.
Normal swipe fails to scale for different screen resolutions, this can be avoided using percent.</doc>
<status status="PASS" start="2025-01-27T23:12:17.606418" elapsed="2.869296"/>
</kw>
<kw name="Click Element" owner="AppiumLibrary">
<msg time="2025-01-27T23:12:20.482367" level="INFO">Clicking element 'id=com.ab.apiclient:id/btnSend'.</msg>
<msg time="2025-01-27T23:12:21.170284" level="INFO">criteria is com.ab.apiclient:id/btnSend</msg>
<arg>id=com.ab.apiclient:id/btnSend</arg>
<doc>Click element identified by `locator`.</doc>
<status status="PASS" start="2025-01-27T23:12:20.477465" elapsed="0.694346"/>
</kw>
<kw name="Wait Until Element Is Visible" owner="AppiumLibrary">
<arg>android=new UiSelector().text("Raw")</arg>
<arg>${TIMEOUT}</arg>
<doc>Waits until element specified with `locator` is visible.</doc>
<status status="PASS" start="2025-01-27T23:12:21.172911" elapsed="1.744296"/>
</kw>
<kw name="Click Element" owner="AppiumLibrary">
<msg time="2025-01-27T23:12:22.922184" level="INFO">Clicking element 'android=new UiSelector().text("Raw")'.</msg>
<arg>android=new UiSelector().text("Raw")</arg>
<doc>Click element identified by `locator`.</doc>
<status status="PASS" start="2025-01-27T23:12:22.919285" elapsed="1.455778"/>
</kw>
<kw name="Wait Until Element Is Visible" owner="AppiumLibrary">
<msg time="2025-01-27T23:12:25.151751" level="INFO">criteria is com.ab.apiclient:id/tvResult</msg>
<arg>id=com.ab.apiclient:id/tvResult</arg>
<arg>${TIMEOUT}</arg>
<doc>Waits until element specified with `locator` is visible.</doc>
<status status="PASS" start="2025-01-27T23:12:24.380323" elapsed="0.771694"/>
</kw>
<kw name="Get Text" owner="AppiumLibrary">
<msg time="2025-01-27T23:12:25.239884" level="INFO">Element 'id=com.ab.apiclient:id/tvResult' text is '{
    "success": true,
    "status": 200,
    "message": "Login successful",
    "data": {
        "id": "679804a41d7ae6028417697f",
        "name": "April Carrillo",
        "email": "rsara63@example.com",
        "token": "f391cae55005458abfb094fabff9e8cc2ba50b4af40246e184ea2c09e9b95a08"
    }
}' </msg>
<msg time="2025-01-27T23:12:25.240462" level="INFO">criteria is com.ab.apiclient:id/tvResult</msg>
<msg time="2025-01-27T23:12:25.241266" level="INFO">${response_lu_string} = {
    "success": true,
    "status": 200,
    "message": "Login successful",
    "data": {
        "id": "679804a41d7ae6028417697f",
        "name": "April Carrillo",
        "email": "rsara63@example...</msg>
<var>${response_lu_string}</var>
<arg>id=com.ab.apiclient:id/tvResult</arg>
<doc>Get element text (for hybrid and mobile browser use `xpath` locator, others might cause problem)</doc>
<status status="PASS" start="2025-01-27T23:12:25.152738" elapsed="0.088955"/>
</kw>
<kw name="Log" owner="BuiltIn">
<msg time="2025-01-27T23:12:25.244281" level="INFO">string response is: {
    "success": true,
    "status": 200,
    "message": "Login successful",
    "data": {
        "id": "679804a41d7ae6028417697f",
        "name": "April Carrillo",
        "email": "rsara63@example.com",
        "token": "f391cae55005458abfb094fabff9e8cc2ba50b4af40246e184ea2c09e9b95a08"
    }
}</msg>
<arg>string response is: ${response_lu_string}</arg>
<doc>Logs the given message with the given level.</doc>
<status status="PASS" start="2025-01-27T23:12:25.243926" elapsed="0.000630"/>
</kw>
<kw name="Convert String To Json" owner="JSONLibrary">
<msg time="2025-01-27T23:12:25.246022" level="INFO">${response_lu_json} = {'success': True, 'status': 200, 'message': 'Login successful', 'data': {'id': '679804a41d7ae6028417697f', 'name': 'April Carrillo', 'email': 'rsara63@example.com', 'token': 'f391cae55005458abfb094fab...</msg>
<var>${response_lu_json}</var>
<arg>${response_lu_string}</arg>
<doc>Convert String to JSON object</doc>
<status status="PASS" start="2025-01-27T23:12:25.245430" elapsed="0.000965"/>
</kw>
<kw name="Get Value From Json" owner="JSONLibrary">
<msg time="2025-01-27T23:12:25.271747" level="INFO">${success} = [True]</msg>
<var>${success}</var>
<arg>${response_lu_json}</arg>
<arg>$.success</arg>
<doc>Get Value From JSON using JSONPath</doc>
<status status="PASS" start="2025-01-27T23:12:25.247219" elapsed="0.024820"/>
</kw>
<kw name="Get Value From Json" owner="JSONLibrary">
<msg time="2025-01-27T23:12:25.299645" level="INFO">${status} = [200]</msg>
<var>${status}</var>
<arg>${response_lu_json}</arg>
<arg>$.status</arg>
<doc>Get Value From JSON using JSONPath</doc>
<status status="PASS" start="2025-01-27T23:12:25.273077" elapsed="0.026826"/>
</kw>
<kw name="Get From List" owner="Collections">
<msg time="2025-01-27T23:12:25.301870" level="INFO">${status_value} = 200</msg>
<var>${status_value}</var>
<arg>${status}</arg>
<arg>0</arg>
<doc>Returns the value specified with an ``index`` from ``list``.</doc>
<status status="PASS" start="2025-01-27T23:12:25.301218" elapsed="0.000999"/>
</kw>
<kw name="Convert To String" owner="BuiltIn">
<msg time="2025-01-27T23:12:25.303593" level="INFO">${status_str} = 200</msg>
<var>${status_str}</var>
<arg>${status_value}</arg>
<doc>Converts the given item to a Unicode string.</doc>
<status status="PASS" start="2025-01-27T23:12:25.303163" elapsed="0.000609"/>
</kw>
<kw name="Get Value From Json" owner="JSONLibrary">
<msg time="2025-01-27T23:12:25.334638" level="INFO">${message} = ['Login successful']</msg>
<var>${message}</var>
<arg>${response_lu_json}</arg>
<arg>$.message</arg>
<doc>Get Value From JSON using JSONPath</doc>
<status status="PASS" start="2025-01-27T23:12:25.304437" elapsed="0.030408"/>
</kw>
<kw name="Get From List" owner="Collections">
<msg time="2025-01-27T23:12:25.336158" level="INFO">${message_value} = Login successful</msg>
<var>${message_value}</var>
<arg>${message}</arg>
<arg>0</arg>
<doc>Returns the value specified with an ``index`` from ``list``.</doc>
<status status="PASS" start="2025-01-27T23:12:25.335673" elapsed="0.000712"/>
</kw>
<kw name="Convert To String" owner="BuiltIn">
<msg time="2025-01-27T23:12:25.338505" level="INFO">${message_str} = Login successful</msg>
<var>${message_str}</var>
<arg>${message_value}</arg>
<doc>Converts the given item to a Unicode string.</doc>
<status status="PASS" start="2025-01-27T23:12:25.337716" elapsed="0.001212"/>
</kw>
<kw name="Get Value From Json" owner="JSONLibrary">
<msg time="2025-01-27T23:12:25.371683" level="INFO">${user_name_resp} = ['April Carrillo']</msg>
<var>${user_name_resp}</var>
<arg>${response_lu_json}</arg>
<arg>$.data.name</arg>
<doc>Get Value From JSON using JSONPath</doc>
<status status="PASS" start="2025-01-27T23:12:25.341973" elapsed="0.030007"/>
</kw>
<kw name="Get From List" owner="Collections">
<msg time="2025-01-27T23:12:25.374477" level="INFO">${user_name_value} = April Carrillo</msg>
<var>${user_name_value}</var>
<arg>${user_name_resp}</arg>
<arg>0</arg>
<doc>Returns the value specified with an ``index`` from ``list``.</doc>
<status status="PASS" start="2025-01-27T23:12:25.373751" elapsed="0.001494"/>
</kw>
<kw name="Convert To String" owner="BuiltIn">
<msg time="2025-01-27T23:12:25.376918" level="INFO">${user_name_str} = April Carrillo</msg>
<var>${user_name_str}</var>
<arg>${user_name_value}</arg>
<doc>Converts the given item to a Unicode string.</doc>
<status status="PASS" start="2025-01-27T23:12:25.376255" elapsed="0.000823"/>
</kw>
<kw name="Get Value From Json" owner="JSONLibrary">
<msg time="2025-01-27T23:12:25.417978" level="INFO">${user_email_resp} = ['rsara63@example.com']</msg>
<var>${user_email_resp}</var>
<arg>${response_lu_json}</arg>
<arg>$.data.email</arg>
<doc>Get Value From JSON using JSONPath</doc>
<status status="PASS" start="2025-01-27T23:12:25.377777" elapsed="0.040477"/>
</kw>
<kw name="Get From List" owner="Collections">
<msg time="2025-01-27T23:12:25.419805" level="INFO">${user_email_value} = rsara63@example.com</msg>
<var>${user_email_value}</var>
<arg>${user_email_resp}</arg>
<arg>0</arg>
<doc>Returns the value specified with an ``index`` from ``list``.</doc>
<status status="PASS" start="2025-01-27T23:12:25.419209" elapsed="0.000815"/>
</kw>
<kw name="Convert To String" owner="BuiltIn">
<msg time="2025-01-27T23:12:25.421939" level="INFO">${user_email_str} = rsara63@example.com</msg>
<var>${user_email_str}</var>
<arg>${user_email_value}</arg>
<doc>Converts the given item to a Unicode string.</doc>
<status status="PASS" start="2025-01-27T23:12:25.421327" elapsed="0.000773"/>
</kw>
<kw name="Get Value From Json" owner="JSONLibrary">
<msg time="2025-01-27T23:12:25.452575" level="INFO">${user_id_resp} = ['679804a41d7ae6028417697f']</msg>
<var>${user_id_resp}</var>
<arg>${response_lu_json}</arg>
<arg>$.data.id</arg>
<doc>Get Value From JSON using JSONPath</doc>
<status status="PASS" start="2025-01-27T23:12:25.422950" elapsed="0.029896"/>
</kw>
<kw name="Get From List" owner="Collections">
<msg time="2025-01-27T23:12:25.454510" level="INFO">${user_id_value} = 679804a41d7ae6028417697f</msg>
<var>${user_id_value}</var>
<arg>${user_id_resp}</arg>
<arg>0</arg>
<doc>Returns the value specified with an ``index`` from ``list``.</doc>
<status status="PASS" start="2025-01-27T23:12:25.453915" elapsed="0.000825"/>
</kw>
<kw name="Convert To String" owner="BuiltIn">
<msg time="2025-01-27T23:12:25.456265" level="INFO">${user_id_str} = 679804a41d7ae6028417697f</msg>
<var>${user_id_str}</var>
<arg>${user_id_value}</arg>
<doc>Converts the given item to a Unicode string.</doc>
<status status="PASS" start="2025-01-27T23:12:25.455462" elapsed="0.001199"/>
</kw>
<kw name="Get Value From Json" owner="JSONLibrary">
<msg time="2025-01-27T23:12:25.562098" level="INFO">${user_token_resp} = ['f391cae55005458abfb094fabff9e8cc2ba50b4af40246e184ea2c09e9b95a08']</msg>
<var>${user_token_resp}</var>
<arg>${response_lu_json}</arg>
<arg>$.data.token</arg>
<doc>Get Value From JSON using JSONPath</doc>
<status status="PASS" start="2025-01-27T23:12:25.457963" elapsed="0.104649"/>
</kw>
<kw name="Get From List" owner="Collections">
<msg time="2025-01-27T23:12:25.573016" level="INFO">${user_token_value} = f391cae55005458abfb094fabff9e8cc2ba50b4af40246e184ea2c09e9b95a08</msg>
<var>${user_token_value}</var>
<arg>${user_token_resp}</arg>
<arg>0</arg>
<doc>Returns the value specified with an ``index`` from ``list``.</doc>
<status status="PASS" start="2025-01-27T23:12:25.572204" elapsed="0.001107"/>
</kw>
<kw name="Convert To String" owner="BuiltIn">
<msg time="2025-01-27T23:12:25.575097" level="INFO">${user_token} = f391cae55005458abfb094fabff9e8cc2ba50b4af40246e184ea2c09e9b95a08</msg>
<var>${user_token}</var>
<arg>${user_token_value}</arg>
<doc>Converts the given item to a Unicode string.</doc>
<status status="PASS" start="2025-01-27T23:12:25.574405" elapsed="0.000991"/>
</kw>
<kw name="Should Be True" owner="BuiltIn">
<arg>${success}</arg>
<arg>True</arg>
<doc>Fails if the given condition is not true.</doc>
<status status="PASS" start="2025-01-27T23:12:25.576355" elapsed="0.000426"/>
</kw>
<kw name="Should Be Equal" owner="BuiltIn">
<arg>${status_str}</arg>
<arg>200</arg>
<doc>Fails if the given objects are unequal.</doc>
<status status="PASS" start="2025-01-27T23:12:25.577526" elapsed="0.000428"/>
</kw>
<kw name="Should Be Equal" owner="BuiltIn">
<arg>${message_str}</arg>
<arg>Login successful</arg>
<doc>Fails if the given objects are unequal.</doc>
<status status="PASS" start="2025-01-27T23:12:25.578740" elapsed="0.000448"/>
</kw>
<kw name="Should Be Equal" owner="BuiltIn">
<arg>${user_id_str}</arg>
<arg>${user_id}</arg>
<doc>Fails if the given objects are unequal.</doc>
<status status="PASS" start="2025-01-27T23:12:25.580527" elapsed="0.000783"/>
</kw>
<kw name="Should Be Equal" owner="BuiltIn">
<arg>${user_name_str}</arg>
<arg>${user_name}</arg>
<doc>Fails if the given objects are unequal.</doc>
<status status="PASS" start="2025-01-27T23:12:25.582267" elapsed="0.000605"/>
</kw>
<kw name="Should Be Equal" owner="BuiltIn">
<arg>${user_email_str}</arg>
<arg>${user_email}</arg>
<doc>Fails if the given objects are unequal.</doc>
<status status="PASS" start="2025-01-27T23:12:25.583861" elapsed="0.001004"/>
</kw>
<kw name="Create File" owner="OperatingSystem">
<msg time="2025-01-27T23:12:25.588448" level="INFO" html="true">Created file '&lt;a href="file://C:\appium-expandtesting_UI\tests\fixtures\testdata-374851149958914.json"&gt;C:\appium-expandtesting_UI\tests\fixtures\testdata-374851149958914.json&lt;/a&gt;'.</msg>
<arg>tests/fixtures/testdata-${randomNumber}.json</arg>
<arg>{"user_email":"${user_email}","user_id":"${user_id}","user_name":"${user_name}","user_password":"${user_password}","user_token":"${user_token}"}</arg>
<doc>Creates a file with the given content and encoding.</doc>
<status status="PASS" start="2025-01-27T23:12:25.586263" elapsed="0.002660"/>
</kw>
<kw name="Press Keycode" owner="AppiumLibrary">
<arg>4</arg>
<doc>Sends a press of keycode to the device.</doc>
<status status="PASS" start="2025-01-27T23:12:25.589724" elapsed="0.139825"/>
</kw>
<kw name="Wait Until Element Is Visible" owner="AppiumLibrary">
<msg time="2025-01-27T23:12:26.466511" level="INFO">xpath criteria: //android.widget.ImageButton</msg>
<arg>xpath=//android.widget.ImageButton</arg>
<arg>${TIMEOUT}</arg>
<doc>Waits until element specified with `locator` is visible.</doc>
<status status="PASS" start="2025-01-27T23:12:25.732267" elapsed="0.734530"/>
</kw>
<kw name="Click Element" owner="AppiumLibrary">
<msg time="2025-01-27T23:12:26.469910" level="INFO">Clicking element 'xpath=//android.widget.ImageButton'.</msg>
<msg time="2025-01-27T23:12:26.644645" level="INFO">xpath criteria: //android.widget.ImageButton</msg>
<arg>xpath=//android.widget.ImageButton</arg>
<doc>Click element identified by `locator`.</doc>
<status status="PASS" start="2025-01-27T23:12:26.467531" elapsed="0.177916"/>
</kw>
<kw name="Wait Until Element Is Visible" owner="AppiumLibrary">
<msg time="2025-01-27T23:12:27.767336" level="INFO">xpath criteria: //android.widget.CheckedTextView[@resource-id="com.ab.apiclient:id/design_menu_item_text" and @text="New Request"]</msg>
<arg>xpath=//android.widget.CheckedTextView[@resource-id="com.ab.apiclient:id/design_menu_item_text" and @text="New Request"]</arg>
<arg>${TIMEOUT}</arg>
<doc>Waits until element specified with `locator` is visible.</doc>
<status status="PASS" start="2025-01-27T23:12:26.647853" elapsed="1.119842"/>
</kw>
<kw name="Click Element" owner="AppiumLibrary">
<msg time="2025-01-27T23:12:27.772039" level="INFO">Clicking element 'xpath=//android.widget.CheckedTextView[@resource-id="com.ab.apiclient:id/design_menu_item_text" and @text="New Request"]'.</msg>
<msg time="2025-01-27T23:12:27.977292" level="INFO">xpath criteria: //android.widget.CheckedTextView[@resource-id="com.ab.apiclient:id/design_menu_item_text" and @text="New Request"]</msg>
<arg>xpath=//android.widget.CheckedTextView[@resource-id="com.ab.apiclient:id/design_menu_item_text" and @text="New Request"]</arg>
<doc>Click element identified by `locator`.</doc>
<status status="PASS" start="2025-01-27T23:12:27.768622" elapsed="0.210039"/>
</kw>
<kw name="deleteUser(${randomNumber})" owner="test" source_name="deleteUser(${randomNumber})">
<kw name="Load Json From File" owner="JSONLibrary">
<msg time="2025-01-27T23:12:28.011788" level="INFO">${data} = {'user_email': 'rsara63@example.com', 'user_id': '679804a41d7ae6028417697f', 'user_name': 'April Carrillo', 'user_password': '_)5CjimY@5', 'user_token': 'f391cae55005458abfb094fabff9e8cc2ba50b4af40246...</msg>
<var>${data}</var>
<arg>tests/fixtures/testdata-${randomNumber}.json</arg>
<doc>Load JSON from file.</doc>
<status status="PASS" start="2025-01-27T23:12:27.983302" elapsed="0.028863"/>
</kw>
<kw name="Get Value From Json" owner="JSONLibrary">
<msg time="2025-01-27T23:12:28.109801" level="INFO">${user_token_data} = ['f391cae55005458abfb094fabff9e8cc2ba50b4af40246e184ea2c09e9b95a08']</msg>
<var>${user_token_data}</var>
<arg>${data}</arg>
<arg>$.user_token</arg>
<doc>Get Value From JSON using JSONPath</doc>
<status status="PASS" start="2025-01-27T23:12:28.012657" elapsed="0.097476"/>
</kw>
<kw name="Convert Json To String" owner="JSONLibrary">
<msg time="2025-01-27T23:12:28.111308" level="INFO">${user_token_str} = ["f391cae55005458abfb094fabff9e8cc2ba50b4af40246e184ea2c09e9b95a08"]</msg>
<var>${user_token_str}</var>
<arg>${user_token_data}</arg>
<doc>Convert JSON object to string</doc>
<status status="PASS" start="2025-01-27T23:12:28.110611" elapsed="0.000966"/>
</kw>
<kw name="Remove String" owner="String">
<msg time="2025-01-27T23:12:28.112595" level="INFO">${user_token} = f391cae55005458abfb094fabff9e8cc2ba50b4af40246e184ea2c09e9b95a08</msg>
<var>${user_token}</var>
<arg>${user_token_str}</arg>
<arg>[</arg>
<arg>]</arg>
<arg>'</arg>
<arg>"</arg>
<doc>Removes all ``removables`` from the given ``string``.</doc>
<status status="PASS" start="2025-01-27T23:12:28.111991" elapsed="0.000834"/>
</kw>
<kw name="Wait Until Element Is Visible" owner="AppiumLibrary">
<msg time="2025-01-27T23:12:28.932595" level="INFO">criteria is com.ab.apiclient:id/spHttpMethod</msg>
<arg>id=com.ab.apiclient:id/spHttpMethod</arg>
<arg>${TIMEOUT}</arg>
<doc>Waits until element specified with `locator` is visible.</doc>
<status status="PASS" start="2025-01-27T23:12:28.113238" elapsed="0.820212"/>
</kw>
<kw name="Click Element" owner="AppiumLibrary">
[...]
<status status="PASS" start="2025-01-27T23:12:30.433154" elapsed="0.058924"/>
</kw>
<kw name="Click Element" owner="AppiumLibrary">
<msg time="2025-01-27T23:12:30.493858" level="INFO">Clicking element 'xpath=//android.widget.CheckedTextView[@resource-id="android:id/text1" and @text="DELETE"]'.</msg>
<msg time="2025-01-27T23:12:31.277876" level="INFO">xpath criteria: //android.widget.CheckedTextView[@resource-id="android:id/text1" and @text="DELETE"]</msg>
<arg>xpath=//android.widget.CheckedTextView[@resource-id="android:id/text1" and @text="DELETE"]</arg>
<doc>Click element identified by `locator`.</doc>
<status status="PASS" start="2025-01-27T23:12:30.492432" elapsed="0.786357"/>
</kw>
<kw name="Wait Until Element Is Visible" owner="AppiumLibrary">
<msg time="2025-01-27T23:12:31.930150" level="INFO">xpath criteria: //android.widget.EditText[@resource-id="com.ab.apiclient:id/etUrl"]</msg>
<arg>xpath=//android.widget.EditText[@resource-id="com.ab.apiclient:id/etUrl"]</arg>
<arg>${TIMEOUT}</arg>
<doc>Waits until element specified with `locator` is visible.</doc>
<status status="PASS" start="2025-01-27T23:12:31.279261" elapsed="0.651672"/>
</kw>
<kw name="Input Text" owner="AppiumLibrary">
<msg time="2025-01-27T23:12:31.935124" level="INFO">Typing text 'https://practice.expandtesting.com/notes/api/users/delete-account' into text field 'xpath=//android.widget.EditText[@resource-id="com.ab.apiclient:id/etUrl"]'</msg>
<msg time="2025-01-27T23:12:32.605073" level="INFO">xpath criteria: //android.widget.EditText[@resource-id="com.ab.apiclient:id/etUrl"]</msg>
<arg>xpath=//android.widget.EditText[@resource-id="com.ab.apiclient:id/etUrl"]</arg>
<arg>https://practice.expandtesting.com/notes/api/users/delete-account</arg>
<doc>Types the given `text` into text field identified by `locator`.</doc>
<status status="PASS" start="2025-01-27T23:12:31.932187" elapsed="0.674035"/>
</kw>
<kw name="addAcceptHeader()" owner="test">
<kw name="Wait Until Element Is Visible" owner="AppiumLibrary">
<arg>class=android.widget.ImageView</arg>
<arg>${TIMEOUT}</arg>
<doc>Waits until element specified with `locator` is visible.</doc>
<status status="PASS" start="2025-01-27T23:12:32.608781" elapsed="0.625021"/>
</kw>
<kw name="Click Element" owner="AppiumLibrary">
<msg time="2025-01-27T23:12:33.235596" level="INFO">Clicking element 'class=android.widget.ImageView'.</msg>
<arg>class=android.widget.ImageView</arg>
<doc>Click element identified by `locator`.</doc>
<status status="PASS" start="2025-01-27T23:12:33.234122" elapsed="0.161637"/>
</kw>
<kw name="Wait Until Element Is Visible" owner="AppiumLibrary">
<msg time="2025-01-27T23:12:34.051767" level="INFO">criteria is com.ab.apiclient:id/iconDown</msg>
<arg>id=com.ab.apiclient:id/iconDown</arg>
<arg>${TIMEOUT}</arg>
<doc>Waits until element specified with `locator` is visible.</doc>
<status status="PASS" start="2025-01-27T23:12:33.396229" elapsed="0.655896"/>
</kw>
<kw name="Click Element" owner="AppiumLibrary">
<msg time="2025-01-27T23:12:34.056626" level="INFO">Clicking element 'id=com.ab.apiclient:id/iconDown'.</msg>
<msg time="2025-01-27T23:12:35.250275" level="INFO">criteria is com.ab.apiclient:id/iconDown</msg>
<arg>id=com.ab.apiclient:id/iconDown</arg>
<doc>Click element identified by `locator`.</doc>
<status status="PASS" start="2025-01-27T23:12:34.052729" elapsed="1.199020"/>
</kw>
<kw name="Wait Until Element Is Visible" owner="AppiumLibrary">
<arg>android=new UiSelector().text("Accept")</arg>
<arg>${TIMEOUT}</arg>
<doc>Waits until element specified with `locator` is visible.</doc>
<status status="PASS" start="2025-01-27T23:12:35.253134" elapsed="0.072983"/>
</kw>
<kw name="Click Element" owner="AppiumLibrary">
<msg time="2025-01-27T23:12:35.327494" level="INFO">Clicking element 'android=new UiSelector().text("Accept")'.</msg>
<arg>android=new UiSelector().text("Accept")</arg>
<doc>Click element identified by `locator`.</doc>
<status status="PASS" start="2025-01-27T23:12:35.326396" elapsed="0.878650"/>
</kw>
<kw name="Wait Until Element Is Visible" owner="AppiumLibrary">
<msg time="2025-01-27T23:12:36.290991" level="INFO">criteria is com.ab.apiclient:id/iconDownVal</msg>
<arg>id=com.ab.apiclient:id/iconDownVal</arg>
<arg>${TIMEOUT}</arg>
<doc>Waits until element specified with `locator` is visible.</doc>
<status status="PASS" start="2025-01-27T23:12:36.206115" elapsed="0.085246"/>
</kw>
<kw name="Click Element" owner="AppiumLibrary">
<msg time="2025-01-27T23:12:36.294370" level="INFO">Clicking element 'id=com.ab.apiclient:id/iconDownVal'.</msg>
<msg time="2025-01-27T23:12:37.292099" level="INFO">criteria is com.ab.apiclient:id/iconDownVal</msg>
<arg>id=com.ab.apiclient:id/iconDownVal</arg>
<doc>Click element identified by `locator`.</doc>
<status status="PASS" start="2025-01-27T23:12:36.291720" elapsed="1.000815"/>
</kw>
<kw name="Wait Until Element Is Visible" owner="AppiumLibrary">
<arg>android=new UiSelector().text("application/xml")</arg>
<arg>${TIMEOUT}</arg>
<doc>Waits until element specified with `locator` is visible.</doc>
<status status="PASS" start="2025-01-27T23:12:37.293021" elapsed="0.076267"/>
</kw>
<kw name="Click Element" owner="AppiumLibrary">
<msg time="2025-01-27T23:12:37.372519" level="INFO">Clicking element 'android=new UiSelector().text("application/xml")'.</msg>
<arg>android=new UiSelector().text("application/xml")</arg>
<doc>Click element identified by `locator`.</doc>
<status status="PASS" start="2025-01-27T23:12:37.370610" elapsed="0.840220"/>
</kw>
<status status="PASS" start="2025-01-27T23:12:32.607311" elapsed="5.604350"/>
</kw>
<kw name="addTokenHeader(${randomNumber})" owner="test" source_name="addTokenHeader(${randomNumber})">
<kw name="Load Json From File" owner="JSONLibrary">
<msg time="2025-01-27T23:12:38.215374" level="INFO">${data} = {'user_email': 'rsara63@example.com', 'user_id': '679804a41d7ae6028417697f', 'user_name': 'April Carrillo', 'user_password': '_)5CjimY@5', 'user_token': 'f391cae55005458abfb094fabff9e8cc2ba50b4af40246...</msg>
<var>${data}</var>
<arg>tests/fixtures/testdata-${randomNumber}.json</arg>
<doc>Load JSON from file.</doc>
<status status="PASS" start="2025-01-27T23:12:38.213473" elapsed="0.002402"/>
</kw>
<kw name="Get Value From Json" owner="JSONLibrary">
<msg time="2025-01-27T23:12:38.265203" level="INFO">${user_token_data} = ['f391cae55005458abfb094fabff9e8cc2ba50b4af40246e184ea2c09e9b95a08']</msg>
<var>${user_token_data}</var>
<arg>${data}</arg>
<arg>$.user_token</arg>
<doc>Get Value From JSON using JSONPath</doc>
<status status="PASS" start="2025-01-27T23:12:38.216697" elapsed="0.048851"/>
</kw>
<kw name="Convert Json To String" owner="JSONLibrary">
<msg time="2025-01-27T23:12:38.266508" level="INFO">${user_token_str} = ["f391cae55005458abfb094fabff9e8cc2ba50b4af40246e184ea2c09e9b95a08"]</msg>
<var>${user_token_str}</var>
<arg>${user_token_data}</arg>
<doc>Convert JSON object to string</doc>
<status status="PASS" start="2025-01-27T23:12:38.266056" elapsed="0.000632"/>
</kw>
<kw name="Remove String" owner="String">
<msg time="2025-01-27T23:12:38.267344" level="INFO">${user_token} = f391cae55005458abfb094fabff9e8cc2ba50b4af40246e184ea2c09e9b95a08</msg>
<var>${user_token}</var>
<arg>${user_token_str}</arg>
<arg>[</arg>
<arg>]</arg>
<arg>'</arg>
<arg>"</arg>
<doc>Removes all ``removables`` from the given ``string``.</doc>
<status status="PASS" start="2025-01-27T23:12:38.266943" elapsed="0.000551"/>
</kw>
<kw name="Wait Until Element Is Visible" owner="AppiumLibrary">
<arg>android=new UiSelector().className("android.widget.ImageView").instance(0)</arg>
<arg>${TIMEOUT}</arg>
<doc>Waits until element specified with `locator` is visible.</doc>
<status status="PASS" start="2025-01-27T23:12:38.267764" elapsed="0.084297"/>
</kw>
<kw name="Click Element" owner="AppiumLibrary">
<msg time="2025-01-27T23:12:38.354767" level="INFO">Clicking element 'android=new UiSelector().className("android.widget.ImageView").instance(0)'.</msg>
<arg>android=new UiSelector().className("android.widget.ImageView").instance(0)</arg>
<doc>Click element identified by `locator`.</doc>
<status status="PASS" start="2025-01-27T23:12:38.353192" elapsed="0.142024"/>
</kw>
<kw name="Wait Until Element Is Visible" owner="AppiumLibrary">
<arg>android=new UiSelector().text("Key")</arg>
<arg>${TIMEOUT}</arg>
<doc>Waits until element specified with `locator` is visible.</doc>
<status status="PASS" start="2025-01-27T23:12:38.496703" elapsed="0.726218"/>
</kw>
<kw name="Input Text" owner="AppiumLibrary">
<msg time="2025-01-27T23:12:39.224460" level="INFO">Typing text 'x-auth-token' into text field 'android=new UiSelector().text("Key")'</msg>
<arg>android=new UiSelector().text("Key")</arg>
<arg>x-auth-token</arg>
<doc>Types the given `text` into text field identified by `locator`.</doc>
<status status="PASS" start="2025-01-27T23:12:39.223224" elapsed="0.595514"/>
</kw>
<kw name="Wait Until Element Is Visible" owner="AppiumLibrary">
<arg>android=new UiSelector().text("Value")</arg>
<arg>${TIMEOUT}</arg>
<doc>Waits until element specified with `locator` is visible.</doc>
<status status="PASS" start="2025-01-27T23:12:39.820221" elapsed="0.552850"/>
</kw>
<kw name="Input Text" owner="AppiumLibrary">
<msg time="2025-01-27T23:12:40.375364" level="INFO">Typing text 'f391cae55005458abfb094fabff9e8cc2ba50b4af40246e184ea2c09e9b95a08' into text field 'android=new UiSelector().text("Value")'</msg>
<arg>android=new UiSelector().text("Value")</arg>
<arg>${user_token}</arg>
<doc>Types the given `text` into text field identified by `locator`.</doc>
<status status="PASS" start="2025-01-27T23:12:40.373455" elapsed="0.618503"/>
</kw>
<status status="PASS" start="2025-01-27T23:12:38.212703" elapsed="2.780181"/>
</kw>
<kw name="Click Element" owner="AppiumLibrary">
<msg time="2025-01-27T23:12:40.995753" level="INFO">Clicking element 'id=com.ab.apiclient:id/btnSend'.</msg>
<msg time="2025-01-27T23:12:41.692946" level="INFO">criteria is com.ab.apiclient:id/btnSend</msg>
<arg>id=com.ab.apiclient:id/btnSend</arg>
<doc>Click element identified by `locator`.</doc>
<status status="PASS" start="2025-01-27T23:12:40.993501" elapsed="0.700513"/>
</kw>
<kw name="Wait Until Element Is Visible" owner="AppiumLibrary">
<arg>android=new UiSelector().text("Raw")</arg>
<arg>${TIMEOUT}</arg>
<doc>Waits until element specified with `locator` is visible.</doc>
<status status="PASS" start="2025-01-27T23:12:41.694772" elapsed="1.294323"/>
</kw>
<kw name="Click Element" owner="AppiumLibrary">
<msg time="2025-01-27T23:12:42.994803" level="INFO">Clicking element 'android=new UiSelector().text("Raw")'.</msg>
<arg>android=new UiSelector().text("Raw")</arg>
<doc>Click element identified by `locator`.</doc>
<status status="PASS" start="2025-01-27T23:12:42.990819" elapsed="1.493144"/>
</kw>
<kw name="Wait Until Element Is Visible" owner="AppiumLibrary">
<msg time="2025-01-27T23:12:45.247687" level="INFO">criteria is com.ab.apiclient:id/tvResult</msg>
<arg>id=com.ab.apiclient:id/tvResult</arg>
<arg>${TIMEOUT}</arg>
<doc>Waits until element specified with `locator` is visible.</doc>
<status status="PASS" start="2025-01-27T23:12:44.485422" elapsed="0.762953"/>
</kw>
<kw name="Get Text" owner="AppiumLibrary">
<msg time="2025-01-27T23:12:45.323603" level="INFO">Element 'id=com.ab.apiclient:id/tvResult' text is '{
    "success": true,
    "status": 200,
    "message": "Account successfully deleted"
}' </msg>
<msg time="2025-01-27T23:12:45.323824" level="INFO">criteria is com.ab.apiclient:id/tvResult</msg>
<msg time="2025-01-27T23:12:45.323974" level="INFO">${response_du_string} = {
    "success": true,
    "status": 200,
    "message": "Account successfully deleted"
}</msg>
<var>${response_du_string}</var>
<arg>id=com.ab.apiclient:id/tvResult</arg>
<doc>Get element text (for hybrid and mobile browser use `xpath` locator, others might cause problem)</doc>
<status status="PASS" start="2025-01-27T23:12:45.249023" elapsed="0.075072"/>
</kw>
<kw name="Log" owner="BuiltIn">
<msg time="2025-01-27T23:12:45.324544" level="INFO">string response is: {
    "success": true,
    "status": 200,
    "message": "Account successfully deleted"
}</msg>
<arg>string response is: ${response_du_string}</arg>
<doc>Logs the given message with the given level.</doc>
<status status="PASS" start="2025-01-27T23:12:45.324316" elapsed="0.000359"/>
</kw>
<kw name="Convert String To Json" owner="JSONLibrary">
<msg time="2025-01-27T23:12:45.325116" level="INFO">${response_du_json} = {'success': True, 'status': 200, 'message': 'Account successfully deleted'}</msg>
<var>${response_du_json}</var>
<arg>${response_du_string}</arg>
<doc>Convert String to JSON object</doc>
<status status="PASS" start="2025-01-27T23:12:45.324854" elapsed="0.000368"/>
</kw>
<kw name="Get Value From Json" owner="JSONLibrary">
<msg time="2025-01-27T23:12:45.352214" level="INFO">${success} = [True]</msg>
<var>${success}</var>
<arg>${response_du_json}</arg>
<arg>$.success</arg>
<doc>Get Value From JSON using JSONPath</doc>
<status status="PASS" start="2025-01-27T23:12:45.325396" elapsed="0.026987"/>
</kw>
<kw name="Get Value From Json" owner="JSONLibrary">
<msg time="2025-01-27T23:12:45.375599" level="INFO">${status} = [200]</msg>
<var>${status}</var>
<arg>${response_du_json}</arg>
<arg>$.status</arg>
<doc>Get Value From JSON using JSONPath</doc>
<status status="PASS" start="2025-01-27T23:12:45.352747" elapsed="0.023033"/>
</kw>
<kw name="Get From List" owner="Collections">
<msg time="2025-01-27T23:12:45.376491" level="INFO">${status_value} = 200</msg>
<var>${status_value}</var>
<arg>${status}</arg>
<arg>0</arg>
<doc>Returns the value specified with an ``index`` from ``list``.</doc>
<status status="PASS" start="2025-01-27T23:12:45.376044" elapsed="0.000710"/>
</kw>
<kw name="Convert To String" owner="BuiltIn">
<msg time="2025-01-27T23:12:45.379905" level="INFO">${status_str} = 200</msg>
<var>${status_str}</var>
<arg>${status_value}</arg>
<doc>Converts the given item to a Unicode string.</doc>
<status status="PASS" start="2025-01-27T23:12:45.378160" elapsed="0.002268"/>
</kw>
<kw name="Get Value From Json" owner="JSONLibrary">
<msg time="2025-01-27T23:12:45.411666" level="INFO">${message} = ['Account successfully deleted']</msg>
<var>${message}</var>
<arg>${response_du_json}</arg>
<arg>$.message</arg>
<doc>Get Value From JSON using JSONPath</doc>
<status status="PASS" start="2025-01-27T23:12:45.383427" elapsed="0.028427"/>
</kw>
<kw name="Get From List" owner="Collections">
<msg time="2025-01-27T23:12:45.412534" level="INFO">${message_value} = Account successfully deleted</msg>
<var>${message_value}</var>
<arg>${message}</arg>
<arg>0</arg>
<doc>Returns the value specified with an ``index`` from ``list``.</doc>
<status status="PASS" start="2025-01-27T23:12:45.412206" elapsed="0.000475"/>
</kw>
<kw name="Convert To String" owner="BuiltIn">
<msg time="2025-01-27T23:12:45.413149" level="INFO">${message_str} = Account successfully deleted</msg>
<var>${message_str}</var>
<arg>${message_value}</arg>
<doc>Converts the given item to a Unicode string.</doc>
<status status="PASS" start="2025-01-27T23:12:45.412882" elapsed="0.000377"/>
</kw>
<kw name="Should Be True" owner="BuiltIn">
<arg>${success}</arg>
<arg>True</arg>
<doc>Fails if the given condition is not true.</doc>
<status status="PASS" start="2025-01-27T23:12:45.413431" elapsed="0.000438"/>
</kw>
<kw name="Should Be Equal" owner="BuiltIn">
<arg>${status_str}</arg>
<arg>200</arg>
<doc>Fails if the given objects are unequal.</doc>
<status status="PASS" start="2025-01-27T23:12:45.414105" elapsed="0.000293"/>
</kw>
<kw name="Should Be Equal" owner="BuiltIn">
<arg>${message_str}</arg>
<arg>Account successfully deleted</arg>
<doc>Fails if the given objects are unequal.</doc>
<status status="PASS" start="2025-01-27T23:12:45.414590" elapsed="0.000261"/>
</kw>
<kw name="Press Keycode" owner="AppiumLibrary">
<arg>4</arg>
<doc>Sends a press of keycode to the device.</doc>
<status status="PASS" start="2025-01-27T23:12:45.415041" elapsed="0.219902"/>
</kw>
<kw name="Wait Until Element Is Visible" owner="AppiumLibrary">
<msg time="2025-01-27T23:12:46.331728" level="INFO">xpath criteria: //android.widget.ImageButton</msg>
<arg>xpath=//android.widget.ImageButton</arg>
<arg>${TIMEOUT}</arg>
<doc>Waits until element specified with `locator` is visible.</doc>
<status status="PASS" start="2025-01-27T23:12:45.636380" elapsed="0.695965"/>
</kw>
<kw name="Click Element" owner="AppiumLibrary">
<msg time="2025-01-27T23:12:46.334729" level="INFO">Clicking element 'xpath=//android.widget.ImageButton'.</msg>
<msg time="2025-01-27T23:12:46.535458" level="INFO">xpath criteria: //android.widget.ImageButton</msg>
<arg>xpath=//android.widget.ImageButton</arg>
<doc>Click element identified by `locator`.</doc>
<status status="PASS" start="2025-01-27T23:12:46.332945" elapsed="0.203111"/>
</kw>
<kw name="Wait Until Element Is Visible" owner="AppiumLibrary">
<msg time="2025-01-27T23:12:47.539801" level="INFO">xpath criteria: //android.widget.CheckedTextView[@resource-id="com.ab.apiclient:id/design_menu_item_text" and @text="New Request"]</msg>
<arg>xpath=//android.widget.CheckedTextView[@resource-id="com.ab.apiclient:id/design_menu_item_text" and @text="New Request"]</arg>
<arg>${TIMEOUT}</arg>
<doc>Waits until element specified with `locator` is visible.</doc>
<status status="PASS" start="2025-01-27T23:12:46.536602" elapsed="1.004505"/>
</kw>
<kw name="Click Element" owner="AppiumLibrary">
<msg time="2025-01-27T23:12:47.545636" level="INFO">Clicking element 'xpath=//android.widget.CheckedTextView[@resource-id="com.ab.apiclient:id/design_menu_item_text" and @text="New Request"]'.</msg>
<msg time="2025-01-27T23:12:47.791886" level="INFO">xpath criteria: //android.widget.CheckedTextView[@resource-id="com.ab.apiclient:id/design_menu_item_text" and @text="New Request"]</msg>
<arg>xpath=//android.widget.CheckedTextView[@resource-id="com.ab.apiclient:id/design_menu_item_text" and @text="New Request"]</arg>
<doc>Click element identified by `locator`.</doc>
<status status="PASS" start="2025-01-27T23:12:47.541885" elapsed="0.250987"/>
</kw>
<status status="PASS" start="2025-01-27T23:12:27.982488" elapsed="19.811202"/>
</kw>
<kw name="Sleep" owner="BuiltIn">
<msg time="2025-01-27T23:12:52.795446" level="INFO">Slept 5 seconds.</msg>
<arg>5</arg>
<doc>Pauses the test executed for the given time.</doc>
<status status="PASS" start="2025-01-27T23:12:47.794695" elapsed="5.001076"/>
</kw>
<kw name="deleteJsonFile(${randomNumber})" owner="test" source_name="deleteJsonFile(${randomNumber})">
<kw name="Remove File" owner="OperatingSystem">
<msg time="2025-01-27T23:12:52.798501" level="INFO" html="true">Removed file '&lt;a href="file://C:\appium-expandtesting_UI\tests\fixtures\testdata-374851149958914.json"&gt;C:\appium-expandtesting_UI\tests\fixtures\testdata-374851149958914.json&lt;/a&gt;'.</msg>
<arg>tests/fixtures/testdata-${randomNumber}.json</arg>
<doc>Removes a file with the given path.</doc>
<status status="PASS" start="2025-01-27T23:12:52.797306" elapsed="0.002111"/>
</kw>
<kw name="Log To Console" owner="BuiltIn">
<arg>Json file deleted</arg>
<doc>Logs the given message to the console.</doc>
<status status="PASS" start="2025-01-27T23:12:52.799871" elapsed="0.000923"/>
</kw>
<status status="PASS" start="2025-01-27T23:12:52.796701" elapsed="0.004491"/>
</kw>
<kw name="Close Application" owner="AppiumLibrary" type="TEARDOWN">
<doc>Closes the current application and also close webdriver session.</doc>
<status status="PASS" start="2025-01-27T23:12:52.802516" elapsed="0.788102"/>
</kw>
<status status="PASS" start="2025-01-27T23:10:46.641632" elapsed="126.953082"/>
</test>
<status status="PASS" start="2025-01-27T23:10:44.941728" elapsed="128.656425"/>
</suite>
<statistics>
<total>
<stat pass="1" fail="0" skip="0">All Tests</stat>
</total>
<tag>
</tag>
<suite>
<stat pass="1" fail="0" skip="0" id="s1" name="Users">Users</stat>
</suite>
</statistics>
<errors>
</errors>
</robot>
