<?xml version="1.0" encoding="UTF-8"?>
<robot generator="Robot 7.1.1 (Python 3.13.1 on win32)" generated="2024-12-21T19:26:12.040748" rpa="false" schemaversion="5">
<suite id="s1" name="Health" source="c:\appium-expandtesting_UI\tests\health.robot">
<test id="s1-t1" name="Check api healt" line="20">
<kw name="Open Application" owner="AppiumLibrary">
<arg>${APPIUM_URL}</arg>
<arg>platformName=${PLATFORM_NAME}</arg>
<arg>platformVersion=${PLATFORM_VERSION}</arg>
<arg>deviceName=${DEVICE_NAME}</arg>
<arg>automationName=${AUTOMATION_NAME}</arg>
<arg>app=${APP_PATH}</arg>
<arg>adbExecTimeout=${ADB_TIMEOUT}</arg>
<arg>autoGrantPermissions=${AUTO_GRANT_PERMISSIONS}</arg>
<doc>Opens a new application to given Appium server.
Capabilities of appium server, Android and iOS,
Please check https://appium.io/docs/en/2.1/cli/args/
| *Option*            | *Man.* | *Description*     |
| remote_url          | Yes    | Appium server url |
| alias               | no     | alias             |
| strict_ssl          | No     | allows you to send commands to an invalid certificate host like a self-signed one. |</doc>
<status status="PASS" start="2024-12-21T19:26:12.863553" elapsed="34.020693"/>
</kw>
<kw name="Sleep" owner="BuiltIn">
<msg time="2024-12-21T19:26:56.887263" level="INFO">Slept 10 seconds.</msg>
<arg>10</arg>
<doc>Pauses the test executed for the given time.</doc>
<status status="PASS" start="2024-12-21T19:26:46.886104" elapsed="10.016605"/>
</kw>
<kw name="Log Source" owner="AppiumLibrary">
<msg time="2024-12-21T19:26:59.724377" level="INFO">&lt;?xml version='1.0' encoding='UTF-8' standalone='yes' ?&gt;
&lt;hierarchy index="0" class="hierarchy" rotation="0" width="1080" height="1977"&gt;
  &lt;android.widget.FrameLayout index="0" package="com.ab.apiclient" class="android.widget.FrameLayout" text="" checkable="false" checked="false" clickable="false" enabled="true" focusable="false" focused="false" long-clickable="false" password="false" scrollable="false" selected="false" bounds="[0,0][1080,2280]" displayed="true"&gt;
    &lt;android.widget.LinearLayout index="0" package="com.ab.apiclient" class="android.widget.LinearLayout" text="" checkable="false" checked="false" clickable="false" enabled="true" focusable="false" focused="false" long-clickable="false" password="false" scrollable="false" selected="false" bounds="[0,0][1080,2148]" displayed="true"&gt;
      &lt;android.widget.FrameLayout index="0" package="com.ab.apiclient" class="android.widget.FrameLayout" text="" checkable="false" checked="false" clickable="false" enabled="true" focusable="false" focused="false" long-clickable="false" password="false" scrollable="false" selected="false" bounds="[0,171][1080,2148]" displayed="true"&gt;
        &lt;android.widget.LinearLayout index="0" package="com.ab.apiclient" class="android.widget.LinearLayout" text="" resource-id="com.ab.apiclient:id/action_bar_root" checkable="false" checked="false" clickable="false" enabled="true" focusable="false" focused="false" long-clickable="false" password="false" scrollable="false" selected="false" bounds="[0,171][1080,2148]" displayed="true"&gt;
          &lt;android.widget.FrameLayout index="0" package="com.ab.apiclient" class="android.widget.FrameLayout" text="" resource-id="android:id/content" checkable="false" checked="false" clickable="false" enabled="true" focusable="false" focused="false" long-clickable="false" password="false" scrollable="false" selected="false" bounds="[0,171][1080,2148]" displayed="true"&gt;
            &lt;androidx.drawerlayout.widget.DrawerLayout index="0" package="com.ab.apiclient" class="androidx.drawerlayout.widget.DrawerLayout" text="" resource-id="com.ab.apiclient:id/drawerLayout" checkable="false" checked="false" clickable="false" enabled="true" focusable="false" focused="false" long-clickable="false" password="false" scrollable="false" selected="false" bounds="[0,171][1080,2148]" displayed="true"&gt;
              &lt;android.widget.RelativeLayout index="0" package="com.ab.apiclient" class="android.widget.RelativeLayout" text="" checkable="false" checked="false" clickable="false" enabled="true" focusable="false" focused="false" long-clickable="false" password="false" scrollable="false" selected="false" bounds="[0,171][1080,2148]" displayed="true"&gt;
                &lt;android.widget.FrameLayout index="0" package="com.ab.apiclient" class="android.widget.FrameLayout" text="" resource-id="com.ab.apiclient:id/topBar" checkable="false" checked="false" clickable="false" enabled="true" focusable="false" focused="false" long-clickable="false" password="false" scrollable="false" selected="false" bounds="[0,171][1080,295]" displayed="true"&gt;
                  &lt;android.view.ViewGroup index="0" package="com.ab.apiclient" class="android.view.ViewGroup" text="" resource-id="com.ab.apiclient:id/toolBar" checkable="false" checked="false" clickable="false" enabled="true" focusable="false" focused="false" long-clickable="false" password="false" scrollable="false" selected="false" bounds="[0,171][1080,295]" displayed="true"&gt;
                    &lt;android.widget.ImageButton index="0" package="com.ab.apiclient" class="android.widget.ImageButton" text="" checkable="false" checked="false" clickable="true" enabled="true" focusable="true" focused="false" long-clickable="false" password="false" scrollable="false" selected="false" bounds="[0,171][154,295]" displayed="true" /&gt;
                    &lt;android.widget.TextView index="1" package="com.ab.apiclient" class="android.widget.TextView" text="New Request" checkable="false" checked="false" clickable="false" enabled="true" focusable="false" focused="false" long-clickable="false" password="false" scrollable="false" selected="false" bounds="[198,203][459,262]" displayed="true" /&gt;
                    &lt;androidx.appcompat.widget.LinearLayoutCompat index="2" package="com.ab.apiclient" class="androidx.appcompat.widget.LinearLayoutCompat" text="" checkable="false" checked="false" clickable="false" enabled="true" focusable="false" focused="false" long-clickable="false" password="false" scrollable="false" selected="false" bounds="[684,171][1080,295]" displayed="true"&gt;
                      &lt;android.widget.TextView index="0" package="com.ab.apiclient" class="android.widget.TextView" text="" content-desc="History" resource-id="com.ab.apiclient:id/menu_history" checkable="false" checked="false" clickable="true" enabled="true" focusable="true" focused="false" long-clickable="false" password="false" scrollable="false" selected="false" bounds="[684,171][816,295]" displayed="true" /&gt;
                      &lt;android.widget.TextView index="1" package="com.ab.apiclient" class="android.widget.TextView" text="" content-desc="Save" resource-id="com.ab.apiclient:id/menu_save" checkable="false" checked="false" clickable="true" enabled="true" focusable="true" focused="false" long-clickable="false" password="false" scrollable="false" selected="false" bounds="[816,171][948,295]" displayed="true" /&gt;
                      &lt;android.widget.TextView index="2" package="com.ab.apiclient" class="android.widget.TextView" text="" content-desc="Reset" resource-id="com.ab.apiclient:id/menu_clear_request" checkable="false" checked="false" clickable="true" enabled="true" focusable="true" focused="false" long-clickable="false" password="false" scrollable="false" selected="false" bounds="[948,171][1080,295]" displayed="true" /&gt;
                    &lt;/androidx.appcompat.widget.LinearLayoutCompat&gt;
                  &lt;/android.view.ViewGroup&gt;
                &lt;/android.widget.FrameLayout&gt;
                &lt;android.widget.FrameLayout index="1" package="com.ab.apiclient" class="android.widget.FrameLayout" text="" resource-id="com.ab.apiclient:id/fragment" checkable="false" checked="false" clickable="false" enabled="true" focusable="false" focused="false" long-clickable="false" password="false" scrollable="false" selected="false" bounds="[0,295][1080,2148]" displayed="true"&gt;
                  &lt;android.widget.RelativeLayout index="0" package="com.ab.apiclient" class="android.widget.RelativeLayout" text="" checkable="false" checked="false" clickable="false" enabled="true" focusable="false" focused="false" long-clickable="false" password="false" scrollable="false" selected="false" bounds="[0,295][1080,2148]" displayed="true"&gt;
                    &lt;android.view.ViewGroup index="0" package="com.ab.apiclient" class="android.view.ViewGroup" text="" resource-id="com.ab.apiclient:id/adView" checkable="false" checked="false" clickable="false" enabled="true" focusable="false" focused="false" long-clickable="false" password="false" scrollable="false" selected="false" bounds="[100,295][980,433]" displayed="true"&gt;
                      &lt;android.widget.FrameLayout index="0" package="com.ab.apiclient" class="android.widget.FrameLayout" text="" checkable="false" checked="false" clickable="false" enabled="true" focusable="false" focused="false" long-clickable="false" password="false" scrollable="false" selected="false" bounds="[100,295][980,432]" displayed="true"&gt;
                        &lt;android.widget.FrameLayout index="0" package="com.ab.apiclient" class="android.widget.FrameLayout" text="" checkable="false" checked="false" clickable="false" enabled="true" focusable="false" focused="false" long-clickable="false" password="false" scrollable="false" selected="false" bounds="[100,295][980,432]" displayed="true"&gt;
                          &lt;android.widget.FrameLayout index="0" package="com.ab.apiclient" class="android.widget.FrameLayout" text="" checkable="false" checked="false" clickable="false" enabled="true" focusable="false" focused="false" long-clickable="false" password="false" scrollable="false" selected="false" bounds="[100,295][980,432]" displayed="true"&gt;
                            &lt;android.webkit.WebView index="0" package="com.ab.apiclient" class="android.webkit.WebView" text="" checkable="false" checked="false" clickable="false" enabled="true" focusable="false" focused="false" long-clickable="false" password="false" scrollable="false" selected="false" bounds="[100,295][980,432]" displayed="true"&gt;
                              &lt;android.webkit.WebView index="0" package="com.ab.apiclient" class="android.webkit.WebView" text="" checkable="false" checked="false" clickable="false" enabled="true" focusable="true" focused="true" long-clickable="false" password="false" scrollable="true" selected="false" bounds="[100,295][320,330]" displayed="true" hint=""&gt;
                                &lt;android.view.View index="0" package="com.ab.apiclient" class="android.view.View" text="" checkable="false" checked="false" clickable="false" enabled="true" focusable="false" focused="false" long-clickable="false" password="false" scrollable="false" selected="false" bounds="[100,295][320,330]" displayed="true" hint=""&gt;
                                  &lt;android.view.View index="0" package="com.ab.apiclient" class="android.view.View" text="" resource-id="mys-wrapper" checkable="false" checked="false" clickable="false" enabled="true" focusable="false" focused="false" long-clickable="false" password="false" scrollable="false" selected="false" bounds="[100,295][320,330]" displayed="true" hint=""&gt;
                                    &lt;android.view.View index="0" package="com.ab.apiclient" class="android.view.View" text="" resource-id="mys-content" checkable="false" checked="false" clickable="false" enabled="true" focusable="false" focused="false" long-clickable="false" password="false" scrollable="false" selected="false" bounds="[100,295][320,330]" displayed="true" hint=""&gt;
                                      &lt;android.view.View index="0" package="com.ab.apiclient" class="android.view.View" text="" checkable="false" checked="false" clickable="false" enabled="true" focusable="false" focused="false" long-clickable="false" password="false" scrollable="false" selected="false" bounds="[100,295][320,330]" displayed="true" hint=""&gt;
                                        &lt;android.view.View index="0" package="com.ab.apiclient" class="android.view.View" text="" resource-id="banner1" checkable="false" checked="false" clickable="false" enabled="true" focusable="false" focused="false" long-clickable="false" password="false" scrollable="false" selected="false" bounds="[100,295][320,330]" displayed="true" hint=""&gt;
                                          &lt;android.view.View index="0" package="com.ab.apiclient" class="android.view.View" text="" checkable="false" checked="false" clickable="false" enabled="true" focusable="false" focused="false" long-clickable="false" password="false" scrollable="false" selected="false" bounds="[100,295][320,330]" displayed="true" hint=""&gt;
                                            &lt;android.view.View index="0" package="com.ab.apiclient" class="android.view.View" text="" checkable="false" checked="false" clickable="false" enabled="true" focusable="false" focused="false" long-clickable="false" password="false" scrollable="false" selected="false" bounds="[104,295][189,329]" displayed="true" hint=""&gt;
                                              &lt;android.view.View index="0" package="com.ab.apiclient" class="android.view.View" text="" checkable="false" checked="false" clickable="false" enabled="true" focusable="false" focused="false" long-clickable="false" password="false" scrollable="false" selected="false" bounds="[105,295][188,328]" displayed="true" hint=""&gt;
                                                &lt;android.view.View index="0" package="com.ab.apiclient" class="android.view.View" text="10-1-dotykovy-digitalny-fotoramik-arzopa-32gb-frameo-wifi-darcek-15235931280%3FofferId%3D15235931280%26inventoryUnitId%3DNtBiXyoz5EIKlWjylSxIDw%26adGroupId%3DMThhN2MyMTItMDQzNy00M2RiLWEzMjYtYWZjOWI0ODE3OGVmAA%26campaignId%3DYmE0NGZhNjEtYWMxMC00NGExLTk5ZWEtOTZkMjNkNTYwNjk2AA%26clientId%3DMTE4Nzc4NjMyAA%26sig%3D402d8146275014418e8b23c4b2d86854%26utm_feed%3D547ce2b2-2e28-4773-9707-58218068540e%26utm_source%3Dgoogle%26utm_medium%3Dads%26gad_source%3D5" checkable="false" checked="false" clickable="true" enabled="true" focusable="true" focused="false" long-clickable="false" password="false" scrollable="false" selected="false" bounds="[106,296][188,328]" displayed="true" hint="" /&gt;
                                              &lt;/android.view.View&gt;
                                            &lt;/android.view.View&gt;
                                            &lt;android.view.View index="1" package="com.ab.apiclient" class="android.view.View" text="Allegr​o​.sk - Allegro" checkable="false" checked="false" clickable="true" enabled="true" focusable="true" focused="false" long-clickable="false" password="false" scrollable="false" selected="false" bounds="[196,306][316,318]" displayed="true" hint="" /&gt;
                                          &lt;/android.view.View&gt;
                                        &lt;/android.view.View&gt;
                                      &lt;/android.view.View&gt;
                                    &lt;/android.view.View&gt;
                                  &lt;/android.view.View&gt;
                                  &lt;android.view.View index="1" package="com.ab.apiclient" class="android.view.View" text="" resource-id="abgcp" checkable="false" checked="false" clickable="false" enabled="true" focusable="false" focused="false" long-clickable="false" password="false" scrollable="false" selected="false" bounds="[292,295][320,312]" displayed="true" hint=""&gt;
                                    &lt;android.view.View index="0" package="com.ab.apiclient" class="android.view.View" text="" resource-id="abgc" checkable="false" checked="false" clickable="true" enabled="true" focusable="false" focused="false" long-clickable="false" password="false" scrollable="false" selected="false" bounds="[298,295][320,306]" displayed="true" hint=""&gt;
                                      &lt;android.view.View index="0" package="com.ab.apiclient" class="android.view.View" text="" resource-id="abgb" checkable="false" checked="false" clickable="false" enabled="true" focusable="false" focused="false" long-clickable="false" password="false" scrollable="false" selected="false" bounds="[298,295][309,306]" displayed="true" hint=""&gt;
                                        &lt;android.view.View index="0" package="com.ab.apiclient" class="android.view.View" text="" checkable="false" checked="false" clickable="false" enabled="true" focusable="false" focused="false" long-clickable="false" password="false" scrollable="false" selected="false" bounds="[298,295][309,306]" displayed="true" hint=""&gt;
                                          &lt;android.view.View index="0" package="com.ab.apiclient" class="android.view.View" text="" checkable="false" checked="false" clickable="false" enabled="true" focusable="false" focused="false" long-clickable="false" password="false" scrollable="false" selected="false" bounds="[298,295][309,306]" displayed="true" hint=""&gt;
                                            &lt;android.widget.Image index="0" package="com.ab.apiclient" class="android.widget.Image" text="" checkable="false" checked="false" clickable="false" enabled="true" focusable="false" focused="false" long-clickable="false" password="false" scrollable="false" selected="false" bounds="[298,295][309,306]" displayed="true" hint="" /&gt;
                                          &lt;/android.view.View&gt;
                                        &lt;/android.view.View&gt;
                                      &lt;/android.view.View&gt;
                                      &lt;android.widget.Button index="1" package="com.ab.apiclient" class="android.widget.Button" text="" resource-id="cbb" checkable="false" checked="false" clickable="true" enabled="true" focusable="true" focused="false" long-clickable="false" password="false" scrollable="false" selected="false" bounds="[309,295][320,306]" displayed="true" hint=""&gt;
                                        &lt;android.widget.Image index="0" package="com.ab.apiclient" class="android.widget.Image" text="" checkable="false" checked="false" clickable="false" enabled="true" focusable="false" focused="false" long-clickable="false" password="false" scrollable="false" selected="false" bounds="[309,295][320,306]" displayed="true" hint="" /&gt;
                                      &lt;/android.widget.Button&gt;
                                    &lt;/android.view.View&gt;
                                  &lt;/android.view.View&gt;
                                  &lt;android.view.View index="2" package="com.ab.apiclient" class="android.view.View" text="" checkable="false" checked="false" clickable="false" enabled="true" focusable="false" focused="false" long-clickable="false" password="false" scrollable="false" selected="false" bounds="[100,295][320,330]" displayed="true" hint="" /&gt;
                                  &lt;android.view.View index="3" package="com.ab.apiclient" class="android.view.View" text="" checkable="false" checked="false" clickable="false" enabled="true" focusable="false" focused="false" long-clickable="false" password="false" scrollable="false" selected="false" bounds="[100,295][320,330]" displayed="true" hint="" /&gt;
                                &lt;/android.view.View&gt;
                              &lt;/android.webkit.WebView&gt;
                            &lt;/android.webkit.WebView&gt;
                            &lt;android.widget.TextView index="1" package="com.ab.apiclient" class="android.widget.TextView" text="Test Ad" checkable="false" checked="false" clickable="false" enabled="true" focusable="false" focused="false" long-clickable="false" password="false" scrollable="false" selected="false" bounds="[466,295][614,351]" displayed="true" /&gt;
                          &lt;/android.widget.FrameLayout&gt;
                        &lt;/android.widget.FrameLayout&gt;
                      &lt;/android.widget.FrameLayout&gt;
                    &lt;/android.view.ViewGroup&gt;
                    &lt;android.widget.ScrollView index="1" package="com.ab.apiclient" class="android.widget.ScrollView" text="" checkable="false" checked="false" clickable="false" enabled="true" focusable="true" focused="false" long-clickable="false" password="false" scrollable="false" selected="false" bounds="[0,433][1080,2038]" displayed="true"&gt;
                      &lt;android.widget.LinearLayout index="0" package="com.ab.apiclient" class="android.widget.LinearLayout" text="" checkable="false" checked="false" clickable="false" enabled="true" focusable="false" focused="false" long-clickable="false" password="false" scrollable="false" selected="false" bounds="[0,433][1080,1351]" displayed="true"&gt;
                        &lt;android.widget.FrameLayout index="0" package="com.ab.apiclient" class="android.widget.FrameLayout" text="" checkable="false" checked="false" clickable="false" enabled="true" focusable="false" focused="false" long-clickable="false" password="false" scrollable="false" selected="false" bounds="[28,461][1052,571]" displayed="true"&gt;
                          &lt;android.widget.LinearLayout index="0" package="com.ab.apiclient" class="android.widget.LinearLayout" text="" checkable="false" checked="false" clickable="false" enabled="true" focusable="false" focused="false" long-clickable="false" password="false" scrollable="false" selected="false" bounds="[28,461][1052,571]" displayed="true"&gt;
                            &lt;android.widget.Spinner index="0" package="com.ab.apiclient" class="android.widget.Spinner" text="" resource-id="com.ab.apiclient:id/spHttpMethod" checkable="false" checked="false" clickable="true" enabled="true" focusable="true" focused="false" long-clickable="true" password="false" scrollable="true" selected="false" bounds="[28,461][220,571]" displayed="true"&gt;
                              &lt;android.widget.TextView index="0" package="com.ab.apiclient" class="android.widget.TextView" text="GET" resource-id="android:id/text1" checkable="false" checked="false" clickable="false" enabled="true" focusable="false" focused="false" long-clickable="false" password="false" scrollable="false" selected="false" bounds="[28,489][128,542]" displayed="true" /&gt;
                            &lt;/android.widget.Spinner&gt;
                            &lt;android.view.View index="1" package="com.ab.apiclient" class="android.view.View" text="" checkable="false" checked="false" clickable="false" enabled="true" focusable="false" focused="false" long-clickable="false" password="false" scrollable="false" selected="false" bounds="[220,461][221,571]" displayed="true" /&gt;
                            &lt;android.widget.EditText index="2" package="com.ab.apiclient" class="android.widget.EditText" text="Enter Request URL" resource-id="com.ab.apiclient:id/etUrl" checkable="false" checked="false" clickable="true" enabled="true" focusable="true" focused="false" long-clickable="true" password="false" scrollable="false" selected="false" bounds="[221,461][1052,571]" displayed="true" hint="Enter Request URL" /&gt;
                          &lt;/android.widget.LinearLayout&gt;
                        &lt;/android.widget.FrameLayout&gt;
                        &lt;android.widget.LinearLayout index="1" package="com.ab.apiclient" class="android.widget.LinearLayout" text="" checkable="false" checked="false" clickable="false" enabled="true" focusable="false" focused="false" long-clickable="false" password="false" scrollable="false" selected="false" bounds="[28,599][1061,687]" displayed="true"&gt;
                          &lt;android.widget.TextView index="0" package="com.ab.apiclient" class="android.widget.TextView" text="Basic Auth" checkable="false" checked="false" clickable="false" enabled="true" focusable="false" focused="false" long-clickable="false" password="false" scrollable="false" selected="false" bounds="[28,613][973,672]" displayed="true" /&gt;
                          &lt;android.widget.CheckBox index="1" package="com.ab.apiclient" class="android.widget.CheckBox" text="" resource-id="com.ab.apiclient:id/chkBasicAuth" checkable="true" checked="false" clickable="true" enabled="true" focusable="true" focused="false" long-clickable="false" password="false" scrollable="false" selected="false" bounds="[973,599][1061,687]" displayed="true" /&gt;
                        &lt;/android.widget.LinearLayout&gt;
                        &lt;android.widget.LinearLayout index="2" package="com.ab.apiclient" class="android.widget.LinearLayout" text="" resource-id="com.ab.apiclient:id/llAddHeader" checkable="false" checked="false" clickable="true" enabled="true" focusable="true" focused="false" long-clickable="false" password="false" scrollable="false" selected="false" bounds="[28,687][1052,781]" displayed="true"&gt;
                          &lt;android.widget.TextView index="0" package="com.ab.apiclient" class="android.widget.TextView" text="Headers" checkable="false" checked="false" clickable="false" enabled="true" focusable="false" focused="false" long-clickable="false" password="false" scrollable="false" selected="false" bounds="[28,704][986,763]" displayed="true" /&gt;
                          &lt;android.widget.ImageView index="1" package="com.ab.apiclient" class="android.widget.ImageView" text="" checkable="false" checked="false" clickable="false" enabled="true" focusable="false" focused="false" long-clickable="false" password="false" scrollable="false" selected="false" bounds="[986,687][1052,781]" displayed="true" /&gt;
                        &lt;/android.widget.LinearLayout&gt;
                        &lt;android.widget.LinearLayout index="4" package="com.ab.apiclient" class="android.widget.LinearLayout" text="" checkable="false" checked="false" clickable="false" enabled="true" focusable="false" focused="false" long-clickable="false" password="false" scrollable="false" selected="false" bounds="[28,795][1052,854]" displayed="true"&gt;
                          &lt;android.widget.TextView index="0" package="com.ab.apiclient" class="android.widget.TextView" text="Body" checkable="false" checked="false" clickable="false" enabled="true" focusable="false" focused="false" long-clickable="false" password="false" scrollable="false" selected="false" bounds="[28,795][1052,854]" displayed="true" /&gt;
                        &lt;/android.widget.LinearLayout&gt;
                        &lt;android.widget.RadioGroup index="5" package="com.ab.apiclient" class="android.widget.RadioGroup" text="" resource-id="com.ab.apiclient:id/rbtGroup" checkable="false" checked="false" clickable="false" enabled="true" focusable="false" focused="false" long-clickable="false" password="false" scrollable="false" selected="false" bounds="[14,868][1066,956]" displayed="true"&gt;
                          &lt;android.widget.RadioButton index="0" package="com.ab.apiclient" class="android.widget.RadioButton" text="Raw Data" resource-id="com.ab.apiclient:id/rbRaw" checkable="true" checked="true" clickable="true" enabled="true" focusable="true" focused="false" long-clickable="false" password="false" scrollable="false" selected="false" bounds="[14,868][267,956]" displayed="true" /&gt;
                          &lt;android.widget.RadioButton index="1" package="com.ab.apiclient" class="android.widget.RadioButton" text="FORM" resource-id="com.ab.apiclient:id/rbForm" checkable="true" checked="false" clickable="true" enabled="false" focusable="true" focused="false" long-clickable="false" password="false" scrollable="false" selected="false" bounds="[267,868][462,956]" displayed="true" /&gt;
                          &lt;android.widget.RadioButton index="2" package="com.ab.apiclient" class="android.widget.RadioButton" text="Form UrlEncoded" resource-id="com.ab.apiclient:id/rbFormUrlEncode" checkable="true" checked="false" clickable="true" enabled="false" focusable="true" focused="false" long-clickable="false" password="false" scrollable="false" selected="false" bounds="[462,868][849,956]" displayed="true" /&gt;
                        &lt;/android.widget.RadioGroup&gt;
                        &lt;android.widget.FrameLayout index="6" package="com.ab.apiclient" class="android.widget.FrameLayout" text="" resource-id="com.ab.apiclient:id/flJSON" checkable="false" checked="false" clickable="false" enabled="true" focusable="false" focused="false" long-clickable="false" password="false" scrollable="false" selected="false" bounds="[28,956][1052,1351]" displayed="true"&gt;
                          &lt;android.widget.EditText index="0" package="com.ab.apiclient" class="android.widget.EditText" text="JSON / Text / JavaScript / HTML / XML" resource-id="com.ab.apiclient:id/etJSONData" checkable="false" checked="false" clickable="true" enabled="true" focusable="true" focused="false" long-clickable="true" password="false" scrollable="false" selected="false" bounds="[28,984][1052,1323]" displayed="true" hint="JSON / Text / JavaScript / HTML / XML" /&gt;
                        &lt;/android.widget.FrameLayout&gt;
                      &lt;/android.widget.LinearLayout&gt;
                    &lt;/android.widget.ScrollView&gt;
                    &lt;android.widget.Button index="2" package="com.ab.apiclient" class="android.widget.Button" text="SEND" resource-id="com.ab.apiclient:id/btnSend" checkable="false" checked="false" clickable="true" enabled="true" focusable="true" focused="false" long-clickable="false" password="false" scrollable="false" selected="false" bounds="[0,2038][1080,2148]" displayed="true" /&gt;
                  &lt;/android.widget.RelativeLayout&gt;
                &lt;/android.widget.FrameLayout&gt;
              &lt;/android.widget.RelativeLayout&gt;
            &lt;/androidx.drawerlayout.widget.DrawerLayout&gt;
          &lt;/android.widget.FrameLayout&gt;
        &lt;/android.widget.LinearLayout&gt;
      &lt;/android.widget.FrameLayout&gt;
    &lt;/android.widget.LinearLayout&gt;
    &lt;android.view.View index="1" package="com.ab.apiclient" class="android.view.View" text="" resource-id="android:id/statusBarBackground" checkable="false" checked="false" clickable="false" enabled="true" focusable="false" focused="false" long-clickable="false" password="false" scrollable="false" selected="false" bounds="[0,0][1080,171]" displayed="true" /&gt;
  &lt;/android.widget.FrameLayout&gt;
&lt;/hierarchy&gt;</msg>
<doc>Logs and returns the entire html source of the current page or frame.</doc>
<status status="PASS" start="2024-12-21T19:26:56.904141" elapsed="2.826764"/>
</kw>
<status status="PASS" start="2024-12-21T19:26:12.859305" elapsed="46.874705"/>
</test>
<status status="PASS" start="2024-12-21T19:26:12.054634" elapsed="47.689560"/>
</suite>
<statistics>
<total>
<stat pass="1" fail="0" skip="0">All Tests</stat>
</total>
<tag>
</tag>
<suite>
<stat pass="1" fail="0" skip="0" id="s1" name="Health">Health</stat>
</suite>
</statistics>
<errors>
</errors>
</robot>
